x T post
x res 720 1 1
x init
x font 1 R
# 118752 characters, 7480 lines
# 1417 slugs
# page top 720 bot 7200 size 6480 physbot 7920
p335


x font 1 R
x font 2 I
x font 3 B
x font 4 BI
x font 5 CW
x font 6 H
x font 7 HI
x font 8 HB
x font 9 S1
x font 10 S
s10

f1

x X PT 335 #36 stdin
V0
H720

wn120 0
x X END PT 335 #36 stdin
V720
V1220
s10
f1
H720
f1



x font 1 R
x font 2 I
x font 3 B
x font 4 BI
x font 5 CW
x font 6 H
x font 7 HI
x font 8 HB
x font 9 S1
x font 10 S
s10

f1

x X PARM NP 720 #29 stdin
x X PARM FO 7200 #29 stdin

f3

s12


h1985cT
80h67ew83F73e53e53lw64o60fw70P73in140 0
x X SP 60  #31 stdin
V1402
s12
f3
H720

f1

s10


h2084cT
61.w50A72.w50C67a44r33g50i28l28ln120 0
x X SP 30  #33 stdin
V1553
s10
f1
H720

f2


h1847cA
61T56&78Tw81B61e44l28lw53L56a50b50o50r39a50t28o50r39i28e44sn120 0
V1673
s10
f2
H720


h1706cM
83u50r39r39a50yw69H72i28l28l28,w50N67e44ww92J44e44r39s39e44yw690507509507504n120 0
x X SP 120  #35 stdin
V1917
s10
f2
H720

f1


h2078cA
72B67S56T61R67A72C67Tn120 0
x X SP 90  #35 stdin


x font 1 R
x font 2 I
x font 3 B
x font 4 BI
x font 5 CW
x font 6 H
x font 7 HI
x font 8 HB
x font 9 S1
x font 10 S
s10

f1

x X SP 36 PP #36 stdin
x X BS 2 PP #36 stdin
V2130
s10
f1
H720

f2


h640cP
61iwf1

61i28sw72a44nw83i28n50t28e44r33a44c44t28i28v50ew77d50e44b50u50g50g50e44rw66f33o50rw67Cwh101ca
44n50dw84C67+56+w90o50nw84E61i28g50h50t28hw84E61d50i28t28i28o50nws9

82U65N65I30Xs10

h65Crg
wh113cs
39y50s39t28e44m78s39.w84I33t28sw73u50s39e44rn120 0
V2250
s10
f1
H720


h390ci
28n50t28e44r33f33a44c44ew72u50s39e44sw66m78u50l28t28i28p50l28ew71w72i28n50d50o50w72sw66o50nw77aw71D72M89Dw995506502500w77t28e44r33m78i28n50a44l28.wf2

77P61iwf1

55d50o50e44sw66n50o50tw55f33e44e44lw55l28i28k50ew71aw71d50e44b50u50g50g50e44rw60w72i28t28hn120 0
V2370
s10
f1
H720


h390ca
w70s39e44q50u50e44n50t28i28a44lw54c44o50m78m78a44n50dw76l28a44n50g50u50a44g50e44,w51n50o50rw59d50o50e44sw65i28tw54f33e44e44lw54l28i28k50ew70aw70d50e44b50u50g50g50e44rw59w72h50e44r33ew71c44o50m78m78a44n50d50sw66f33r33o50mwh105ca
w71b50i28t28m78a44pn120 0
V2490
s10
f1
H720


h390cd
50i28s39p50l28a44yw86a44r33ew80t28r33a44n50s39l28a44t28e44dw86i28n50t28ow86aw79s39e44q50u50e44n50t28i28a44lw63c44o50m78m78a44n50dw85l28a44n50g50u50a44g50e44.w85I33nw85c44o50n50t28r33a44s39t28,wf2

60p50if1

28'33sw74m78u50l28t28i28p50l28ew79w72i28n50d50o50w72sn120 0
V2610
s10
f1
H720


h390cd
50i28s39p50l28a44yw96m78u50l28t28i28p50l28ew90a44c44t28i28v50ew90v50i28e44w72sw86o50fw80i28t28sw86m78u50l28t28i28p50l28ew91s39u50b50j28e44c44tw75p50r33o50c44e44s39s39e44s39,w72a44l28l28o50w72i28n50gw97t28h50ew91p50r33o50g50r33a44m78m78e44rw80t28on120 0
V2730
s10
f1
H720


h390cb
50r33o50w72s39ew95t28h50r33o50u50g50hwh101ca
w94n50e44t28w72o50r33kwh100co
50fw83i28n50f33o50r33m78a44t28i28o50n50.wh100cT
61h50ew94p50r33o50g50r33a44m78m78e44rw83i28n50t28e44r33a44c44t28i28v50e44l28ywh100ce
44x50p50l28o50r33e44sw89aw94s39e44tw78o50fn120 0
V2850
s10
f1
H720


h390ce
44x50e44c44u50t28i28n50gw75p50r33o50c44e44s39s39e44s39,w50p50r33o50b50i28n50gw75f33o50rw58i28n50s39i28g50h50tw53w72i28t28hw75aw69t28o50o50lw53t28h50a44tw53r33e44a44l28l28yw75h50e44l28p50s39.n120 0


x font 1 R
x font 2 I
x font 3 B
x font 4 BI
x font 5 CW
x font 6 H
x font 7 HI
x font 8 HB
x font 9 S1
x font 10 S
s10

f1

x X SP 36 PP #49 stdin
x X BS 2 PP #49 stdin
V3007
s10
f1
H720


h640cE
61a44c44hw97w72i28n50d50o50wwh119cd
50i28s39p50l28a44y50sw86aw91s39p50e44c44ih28Cfi
56cw91v50i28e44wwh120co
50fw81aw92s39u50b50j28e44c44tw76p50r33o50c44e44s39sw87i28nw98p50a44r33a44l28l28e44lw76w72i28t28hw98t28h50ew92o50t28h50e44rn120 0
V3127
s10
f1
H720


h390cw
72i28n50d50o50w72s39.w78T61h50ew72c44o50n50t28e44n50t28sw67o50fw61p50o50p50-33u50pw78m78e44n50u50sw67a44r33ew72d50e44t28e44r33m78i28n50e44dw78b50yw78c44o50n50t28e44x50t28;w56t28h50ew72c44u50r33r33e44n50tw56w72i28n50d50o50ww99a44n50dw77t28h50en120 0
V3247
s10
f1
H720


h390cl
28i28n50ew69o50fw58t28e44x50tw53s39e44l28e44c44t28e44dw75w72i28t28h50i28nw75i28t28.n120 0


x font 1 R
x font 2 I
x font 3 B
x font 4 BI
x font 5 CW
x font 6 H
x font 7 HI
x font 8 HB
x font 9 S1
x font 10 S
s10

f1

x X SP 36 PP #54 stdin
x X BS 2 PP #54 stdin
V3404
s10
f1
H720

f2


h640cP
61iwf1

70i28sw81w72r33i28t28t28e44nw92i28nw92C67+56+w98a44n50dw92u50s39e44sw82E61i28g50h50t28hw93E61d50i28t28i28o50n50'33swf5

82/60p60r60o60cwf1

h103ct
28ow93a44c44c44e44s39sw82a44r33b50i28t28r33a44r33yw93l28i28v50ew87s39u50b50j28e44c44tn120 0
V3524
s10
f1
H720


h390cp
50r33o50c44e44s39s39e44s39.n120 0
x X SP 120  #58 stdin


x font 1 R
x font 2 I
x font 3 B
x font 4 BI
x font 5 CW
x font 6 H
x font 7 HI
x font 8 HB
x font 9 S1
x font 10 S
s10

f1

x X NE 360 SH 	 #59 stdin
x X SP 120 SH #59 stdin
V3768
s10
f1
H720

f3


cI
39n56t33r44o50d56u56c44t33i28o50nn120 0


x font 1 R
x font 2 I
x font 3 B
x font 4 BI
x font 5 CW
x font 6 H
x font 7 HI
x font 8 HB
x font 9 S1
x font 10 S
s10

f1

x X SP 36 PP #61 stdin
x X BS 2 PP #61 stdin
V3925
s10
f1
H720

f2


h250cP
61iwf1

57(33P56r33o50c44e44s39sw68I33n50s39p50e44c44t28o50r33)w62i28sw68a44nw79e44x50p50e44r33i28m78e44n50tw57i28nw79d50e44b50u50g50g50i28n50gw79w72i28t28hw79a44nw79i28n50t28e44r33a44c44t28i28v50e44,w54b50i28t28m78a44pw79g50r33a44p50h50i28c44sw68u50s39e44rw62i28n50t28e44r33f33a44c44e44.w80T61h50en120 0
V4045
s10
f1
H720


cd
50e44b50u50g50g50i28n50gw84t28e44c44h50n50o50l28o50g50yw84i28sw73c44o50n50v50e44n50t28i28o50n50a44l28:w62b50r33e44a44k50p50o50i28n50t28sw73a44r33ew78p50l28a44n50t28e44dw84i28nw84t28h50ew77s39u50b50j28e44c44tw61p50r33o50c44e44s39sw72s39ow83t28h50a44tw61t28h50ew77s39t28a44t28e44sw72t28h50ew77p50r33o50c44e44s39sn120 0
V4165
s10
f1
H720


cm
78o50v50e44sw64t28h50r33o50u50g50hw75m78a44yw75b50ew69e44x50a44m78i28n50e44d50.w75B67u50tw53t28h50ew69u50s39e44rw58i28n50t28e44r33f33a44c44ew69i28sw64u50n50c44o50n50v50e44n50t28i28o50n50a44l28.n120 0


x font 1 R
x font 2 I
x font 3 B
x font 4 BI
x font 5 CW
x font 6 H
x font 7 HI
x font 8 HB
x font 9 S1
x font 10 S
s10

f1

x X SP 36 PP #67 stdin
x X BS 2 PP #67 stdin
V4322
s10
f1
H720


h250cI
33nw95aw89c44o50n50v50e44n50t28i28o50n50a44lw73d50e44b50u50g50g50e44r33,w70t28h50ew89p50r33o50g50r33a44m78m78e44rw78i28n50p50u50t28sw84aw89s39e44q50u50e44n50c44ew89o50fw79c44o50m78m78a44n50d50sw85t28h50a44tw74a44r33ew90i28n50t28e44r33p50r33e44t28e44dw96b50yw96t28h50en120 0
V4442
s10
f1
H720


cd
50e44b50u50g50g50e44r33.w87T61h50ew81d50e44b50u50g50g50e44rw70r33e44s39p50o50n50d50sw76w72i28t28hw87i28n50f33o50r33m78a44t28i28o50nw87a44b50o50u50tw65t28h50ew81s39u50b50j28e44c44tw64p50r33o50c44e44s39s39.w86S56e44v50e44r33a44lw64p50r33o50b50l28e44m78sw75a44r33i28s39e44.w86F56i28r33s39t28,w61t28h50en120 0
V4562
s10
f1
H720


cd
50e44b50u50g50g50e44rw80c44a44nw97u50s39u50a44l28l28yw97a44c44c44e44p50tw75o50n50l28yw97t28h50ew91s39u50b50s39e44tw75o50fw80i28t28sw87c44o50m78m78a44n50d50sw87a44p50p50l28i28c44a44b50l28ew92t28ow98t28h50ew92d50e44b50u50g50g50e44r33'33sw87c44u50r33r33e44n50tw76s39t28a44t28e44.w98F56o50rn120 0
V4682
s10
f1
H720


ce
44x50a44m78p50l28e44,w58b50r33e44a44k50p50o50i28n50t28sw72c44a44nw83o50n50l28yw83b50ew76s39e44tw60i28nw82t28h50ew76c44u50r33r33e44n50tw60s39o50u50r33c44ewh76Cfi
56l28e44,w57o50rw65e44x50p50r33e44s39s39i28o50n50sw71c44a44nw82o50n50l28yw82b50ew76e44v50a44l28u50a44t28e44dw82i28nw82t28h50ew76c44u50r33r33e44n50tn120 0
V4802
s10
f1
H720


ca
44c44t28i28v50a44t28i28o50nw79r33e44c44o50r33d50.w79S56e44c44o50n50d50,w54t28h50ew73d50e44b50u50g50g50e44r33'33sw69o50u50t28p50u50tw58i28sw69p50a44s39s39i28v50ew74a44n50dw80c44a44n50n50o50tw58b50ew74u50s39e44dw80t28ow80o50b50t28a44i28nw80f33u50r33t28h50e44rw63i28n50f33o50r33m78a44t28i28o50nw80a44b50o50u50t28,n120 0
V4922
s10
f1
H720


co
50rw65o50t28h50e44rw65v50i28e44w72sw71o50f33,w57t28h50ew76p50r33o50c44e44s39s39.w82F56o50rw65e44x50a44m78p50l28e44,w57i28fw65aw76v50a44l28u50ew76i28sw71d50i28s39p50l28a44y50e44dw82b50yw82s39o50m78ew76c44o50m78m78a44n50dw82i28nw82a44nw82i28n50a44p50p50r33o50p50r33i28a44t28ew75f33o50r33m78a44t28,n120 0
V5042
s10
f1
H720


ct
28h50ew96p50r33o50g50r33a44m78m78e44rw85m78u50s39tw80r33e44-33i28s39s39u50ew96t28h50ew96c44o50m78m78a44n50d50,w77s39p50e44c44i28f33y50i28n50gwh102ca
44n50o50t28h50e44rw85f33o50r33m78a44t28,w77o50rw85t28a44k50ew96t28h50ew96v50a44l28u50ew96a44n50dwh103cm
78a44n50i28p50u50l28a44t28ew97i28tn120 0
V5162
s10
f1
H720


ce
44l28s39e44w72h50e44r33e44.w84T61h50ew78e44f33f33e44c44tw62i28sw73t28h50a44tw62a44n50yw84n50o50n50-33t28r33i28v50i28a44lw62d50e44b50u50g50g50i28n50gw84i28sw73a44c44c44o50m78p50l28i28s39h50e44dw83b50yw83c44o50m78b50i28n50i28n50gw83t28h50ew77d50e44b50u50g50g50e44rw66w72i28t28hw83s39o50m78ew77o50fn120 0
V5282
s10
f1
H720


co
50u50rw60o50l28d50e44s39tw55t28o50o50l28swh66C\-
w77p50e44n50c44i28lw55a44n50dw77p50a44p50e44r33.w77T61h50i28r33d50,w52aw71d50e44b50u50g50g50i28n50gw77c44o50m78m78a44n50dw77l28a44n50g50u50a44g50ew71m78u50s39tw55n50e44c44e44s39s39a44r33i28l28yw77b50ew71v50e44r33yw77l28a44r33g50e44,w52i28fw60i28tw56i28sw67t28on120 0
V5402
s10
f1
H720


cb
50ew69u50s39e44f33u50l28.w75G72e44n50e44r33a44l28l28y50,w50k50e44y50b50o50a44r33dw75l28a44n50g50u50a44g50e44sw64a44r33ew69c44o50m78p50l28i28c44a44t28e44d50,w50a44n50dw75o50f33t28e44nw75c44r33y50p50t28i28c44.n120 0


x font 1 R
x font 2 I
x font 3 B
x font 4 BI
x font 5 CW
x font 6 H
x font 7 HI
x font 8 HB
x font 9 S1
x font 10 S
s10

f1

x X SP 36 PP #86 stdin
x X BS 2 PP #86 stdin
V5559
s10
f1
H720


h250cT
61h50ew80g50o50a44lw65i28nw87w72r33i28t28i28n50gwf2

87p50iwf1

65w72a44sw76t28ow87c44r33e44a44t28ew81aw81f33u50l28l28-33f33u50n50c44t28i28o50nw87i28n50t28e44r33a44c44t28i28v50ew81d50e44b50u50g50g50e44rw70w72i28t28hw87aw81g50o50o50dw87u50s39e44rw70i28n50t28e44r33f33a44c44e44:w65m78e44n50u50-n120 0
V5679
s10
f1
H720


cd
50r33i28v50e44n50,w50r33e44a44c44t28i28v50e44,w50u50s39a44b50l28ew69w72i28t28h50o50u50tw53aw69s39c44r33a44t28c44hw75p50a44dw75o50rw58r33e44f33e44r33e44n50c44ew69m78a44n50u50a44l28.n120 0


x font 1 R
x font 2 I
x font 3 B
x font 4 BI
x font 5 CW
x font 6 H
x font 7 HI
x font 8 HB
x font 9 S1
x font 10 S
s10

f1

x X NE 360 SH 	 #90 stdin
x X SP 120 SH #90 stdin
V5923
s10
f1
H720

f3


cI
39n56t33e44r44f33a50c44ew69M94o50d56e44ln120 0


x font 1 R
x font 2 I
x font 3 B
x font 4 BI
x font 5 CW
x font 6 H
x font 7 HI
x font 8 HB
x font 9 S1
x font 10 S
s10

f1

x X SP 36 PP #92 stdin
x X BS 2 PP #92 stdin
V6080
s10
f1
H720

f2


h250cP
61if1

28'33sw74u50s39e44rw68i28n50t28e44r33f33a44c44ew79a44s39s39i28g50n50sw74e44a44c44hw85v50i28e44wwh107co
50fw68aw79s39u50b50j28e44c44tw64p50r33o50c44e44s39sw75t28ow86aw80s39e44p50a44r33a44t28ew80w72i28n50d50o50w72.w86E61a44c44hw86w72i28n50d50o50wwh108ch
50a44sw75i28t28sw75o50w72nn120 0
V6200
s10
f1
H720


cm
78e44n50uw77o50fw60o50p50e44r33a44t28i28o50n50s39,w52a44p50p50r33o50p50r33i28a44t28ew71t28ow77t28h50ew71v50i28e44ww98p50r33e44s39e44n50t28e44d50.w76W94i28t28h50i28nw76e44a44c44hw76w72i28n50d50o50ww98a44r33ew70l28i28n50e44sw65o50fw59t28e44x50tw54p50r33o50v50i28d50i28n50gw76d50e44t28a44i28l28sw65o50fw59t28h50en120 0
V6320
s10
f1
H720


cw
72i28n50d50o50w72'33sw69v50i28e44w72.w80E61a44c44hw80l28i28n50ew74h50a44sw69i28t28sw69o50w72nw81m78e44n50uw81o50fw64o50p50e44r33a44t28i28o50n50s39,w56a44p50p50r33o50p50r33i28a44t28ew75t28ow81t28h50ew75i28n50f33o50r33m78a44t28i28o50nw81p50r33e44s39e44n50t28e44d50.w81I33n50t28e44r33a44c44t28i28o50nw81i28sn120 0
V6440
s10
f1
H720


cd
50r33i28v50e44nw79b50yw79t28h50ew73p50r33o50g50r33a44m78m78e44rw62s39e44l28e44c44t28i28n50gw79o50p50e44r33a44t28i28o50n50sw68f33r33o50mwh107ct
28h50e44s39ew73m78e44n50u50s39.w79I33nw79r33e44s39p50o50n50s39ew73t28ow78e44a44c44hw78o50p50e44r33a44t28i28o50n50,w53t28h50ew72d50e44b50u50g50g50e44rw61a44d50d50sn120 0
V6560
s10
f1
H720


co
50rw61r33e44m78o50v50e44sw67w72i28n50d50o50w72s39,w53o50rw61l28i28n50e44s39,w53o50rw61t28h50e44i28rw61m78e44n50u50s39.w79Awh101cw
72i28n50d50o50wwh101co
50rw62l28i28n50ew73m78a44yw79a44l28s39ow79c44h50o50o50s39ew73t28ow79a44c44c44e44p50tw57aw73l28i28n50ew73o50fw62i28n50p50u50tw57f33r33o50mwh107ct
28h50en120 0
V6680
s10
f1
H720


ck
50e44y50b50o50a44r33d50.n120 0


x font 1 R
x font 2 I
x font 3 B
x font 4 BI
x font 5 CW
x font 6 H
x font 7 HI
x font 8 HB
x font 9 S1
x font 10 S
s10

f1

x X SP 36 PP #102 stdin
x X BS 2 PP #102 stdin
V6837
s10
f1
H720


h250cO
72nw80t28h50ew74D72M89Dwh102c5
50650250050,w55aw74l28a44y50e44rw63i28sw69s39u50b50d50i28v50i28d50e44dw80i28n50t28ow80aw74s39e44tw58o50fw63s39c44r33o50l28l28i28n50g50,w55o50v50e44r33l28a44p50p50i28n50gw80w72i28n50d50o50w72s39.w80T61h50ew74m78e44c44h50a44n50i28c44sw69o50fw64t28h50en120 0
V6957
s10
f1
H720


cu
50s39e44rw63i28n50t28e44r33f33a44c44ew74a44r33ew74d50e44r33i28v50e44dw80f33r33o50mwf2

h108cj
28i28mf1

72,w55aw74t28e44x50tw58e44d50i28t28o50rw63b50yw80P56i28k50ew74[33350]33,w55[33150]33.w80T61h50e44r33ew74i28sw69aw74c44u50r33r33e44n50tw58w72i28n50d50o50wwh102c(
33w72i28t28hw80aw74h50e44a44v50yw79b50o50r33d50e44r33)33,n120 0
V7077
s10
f1
H720


ca
44n50dw82w72i28t28h50i28nw82i28tw60aw76c44u50r33r33e44n50tw60l28i28n50ew76(33v50i28d50e44o50-33i28n50v50e44r33t28e44d50)33.w82E61a44c44hw82b50u50t28t28o50nw82o50nw82t28h50ew76t28h50r33e44e44-33b50u50t28t28o50nw82m78o50u50s39ew76s39e44r33v50e44sw72aw77s39p50e44c44ih28Cfi
56cw77r33o50l28e44.w83B67u50t28t28o50nn120 0
V7197
s10
f1
H720


cn
50u50m78b50e44rw621w79i28sw67f33o50rw61p50o50i28n50t28i28n50g50.w78I33fw61t28h50ew72c44u50r33s39o50rw61i28sw67o50u50t28s39i28d50ew72t28h50ew72c44u50r33r33e44n50tw56w72i28n50d50o50w72,w53b50u50t28t28o50nw781w78s39e44l28e44c44t28sw67aw72n50e44wwh100cc
44u50r33r33e44n50tw56w72i28n50d50o50w72.w78I33fw61t28h50en120 0


x font 1 R
x font 2 I
x font 3 B
x font 4 BI
x font 5 CW
x font 6 H
x font 7 HI
x font 8 HB
x font 9 S1
x font 10 S
s10

f1

x X BT 335 #36 stdin
V7560
s10
f1
H720


cR
67e44s39e44a44r33c44hw50 25T61e44n50t28hw50 25E61d50i28t28i28o50nwh3637c3
503505wn120 0
x X END BT 335 #36 stdin
V7920
p336


x font 1 R
x font 2 I
x font 3 B
x font 4 BI
x font 5 CW
x font 6 H
x font 7 HI
x font 8 HB
x font 9 S1
x font 10 S
s10

f1

x X PT 336 #49 stdin
V480
s10
f1
H720
x font 0 NI
f1



cT
61h50ew44 25F56e44e44lw28 25o50fw33 25P56iwx font 0 NI
f0

h4049cp
57iwn120 0
x X END PT 336 #49 stdin
V720
V840
s10
f1
H720


cc
44u50r33s39o50rw59i28sw65i28n50s39i28d50ew70a44n50dw76o50v50e44rw59aw70l28i28n50ew70o50fw59t28e44x50t28,w51t28h50a44tw54l28i28n50ew70b50e44c44o50m78e44sw65c44u50r33r33e44n50t28.w77I33fw60i28n50s39i28d50ew71a44n50dw77i28nw77t28h50ew71s39c44r33o50l28lw55z44o50n50e44,w52t28h50ew71w72i28n50d50o50ww99s39c44r33o50l28l28sn120 0
V960
s10
f1
H720


ct
28ow78c44e44n50t28e44rw61t28h50ew72p50r33o50p50o50r33t28i28o50n50a44lw56s39c44r33o50l28lw56b50a44rw60o50v50e44rw60t28h50ew71c44u50r33s39o50r33.w77B67u50t28t28o50n50sw662w77a44n50dw773w77r33a44i28s39ew71t28h50ew71p50o50p50-33u50pw77m78e44n50u50sw66f33o50rw60t28h50ew71c44u50r33r33e44n50tw55l28i28n50ew71a44n50dn120 0
V1080
s10
f1
H720


cw
72i28n50d50o50w72,w58r33e44s39p50e44c44t28i28v50e44l28y50.w84M89e44n50u50sw73a44l28s39ow84s39c44r33o50l28lw62a44n50dw84m78a44yw84h50a44v50ew78p50o50p50-33u50pw84s39u50b50-33m78e44n50u50s39,w59m78a44k50i28n50gw84l28a44r33g50ew78m78e44n50u50sw73r33e44l28a44t28i28v50e44l28yw84e44a44s39yw84t28on120 0
V1200
s10
f1
H720


cu
50s39e44.n120 0


x font 1 R
x font 2 I
x font 3 B
x font 4 BI
x font 5 CW
x font 6 H
x font 7 HI
x font 8 HB
x font 9 S1
x font 10 S
s10

f1

x X NE 360 SH 	 #120 stdin
x X SP 120 SH #120 stdin
V1442
s10
f1
H720

f3


cA
72nw81E67x50a50m83p56l28en120 0


x font 1 R
x font 2 I
x font 3 B
x font 4 BI
x font 5 CW
x font 6 H
x font 7 HI
x font 8 HB
x font 9 S1
x font 10 S
s10

f1

x X SP 36 PP #122 stdin
x X BS 2 PP #122 stdin
V1598
s10
f1
H720


h250cI
w63w72i28l28lw58d50e44m78o50n50s39t28r33a44t28ewf2

74p50iwf1

58b50yw80e44x50a44m78i28n50i28n50gw80t28h50ew74c44o50p50yw80o50fwf2

63j28i28mwf1

h102ct
28h50a44tw58Iw63a44mwh108cu
50s39i28n50gw80t28ow81w72r33i28t28ew75t28h50i28sw70p50a44p50e44r33.wf2

81J44i28mwf1

h103ci
28sw70t28w72ow81p50r33o50c44e44s39s39e44s39,n120 0
V1718
s10
f1
H720


co
50n50ew81i28nw87t28h50ew81h50o50s39tw64c44o50m78p50u50t28e44rw69a44n50dw86o50n50ew80i28nw86t28h50ew80t28e44r33m78i28n50a44l28.w86Iw69w72i28l28lw64w72o50r33kw86w72i28t28hw86i28t28sw75h50o50s39tw64p50r33o50c44e44s39s39.w86Iw69c44r33e44a44t28ew80aw80n50e44wwh108cl
28a44y50e44rw69o50nw86m78yn120 0
V1838
s10
f1
H720


c5
50650250050'33sw64s39c44r33e44e44nw75a44n50dw75s39i28m78p50l28yw75i28n50v50o50k50ewf2

69p50if1

28:n120 0
x X SP 60 P1 #128 stdin
x X US P1 #128 stdin
V1999
s10
f1
H720

f5

s9


h288cp
54in100 0
x X END US P1 #130 stdin
x X SP 60 P2 #130 stdin
V2180
s9
f5
H720

f1

s10


cA
72f33t28e44rw61a44b50o50u50tw56250050Kwh100cb
50y50t28e44sw67o50fw61u50s39e44rw61i28n50t28e44r33f33a44c44ew72c44o50d50ew72h50a44sw67d50o50w72n50l28o50a44d50e44dw78i28n50t28ow78t28h50ew72550650250050,wf2

53p50if1

28'33sw67c44u50r33s39o50rw61i28c44o50nw79r33e44q50u50e44s39t28sw68m78ew73t28ow79s39w72e44e44pw79an120 0
V2300
s10
f1
H720


cr
33e44c44t28a44n50g50l28ew71f33o50rw60aw71n50e44ww99w72i28n50d50o50wwh99C\-
w77t28h50ew71`33`33P56i28'33'w59w72i28n50d50o50w72,w51t28h50ew70m78a44s39t28e44rw59w72i28n50d50o50ww98t28h50r33o50u50g50hw76w72h50i28c44hwf2

76p50iwf1

54m78a44yw76b50ew70b50o50u50n50dw76d50y50n50a44m78i28c44a44l28l28yw76t28on120 0
V2420
s10
f1
H720


cp
50r33o50c44e44s39s39e44sw64a44n50dw75c44o50r33ew69d50u50m78p50s39.w75Iw58n50o50ww97h50a44v50ew69o50n50ew69(33a44l28m78o50s39tw53e44m78p50t28y50)w58w72i28n50d50o50ww97i28nwf2

75p50if1

28'33sw64l28a44y50e44r33:n120 0


x font 1 R
x font 2 I
x font 3 B
x font 4 BI
x font 5 CW
x font 6 H
x font 7 HI
x font 8 HB
x font 9 S1
x font 10 S
s10

f1

x X US KS 0 #136 stdin
x X SP 60  #136 stdin
V2481
s10
f1
H720

n120 0
V2601
s10
f1
H720


h0
s10

f1


x X PI:720:0:4680:32767:binps.ps:424u,2656u,0u,1012u:c:
n120 0
x X SP 424  #1 binps.so
V3030
s10
f1
H720

n120 0


x font 1 R
x font 2 I
x font 3 B
x font 4 BI
x font 5 CW
x font 6 H
x font 7 HI
x font 8 HB
x font 9 S1
x font 10 S
s10

f1

x X SP 60  #136 stdin
x X END US KS #136 stdin


x font 1 R
x font 2 I
x font 3 B
x font 4 BI
x font 5 CW
x font 6 H
x font 7 HI
x font 8 HB
x font 9 S1
x font 10 S
s10

f1

x X SP 36 LP #137 stdin
x X BS 2 LP #137 stdin
V3211
s10
f1
H720


cS
56e44l28e44c44t28i28n50gw91`f5

33/60b60i60n60/60p60sf1

60'w74f33r33o50mwh119ct
28h50i28sw80w72i28n50d50o50w72'33sw80m78e44n50uw91r33u50n50sw80t28h50ewf2

86p50swf1

89c44o50m78m78a44n50dw92a44n50dw92l28i28s39t28sw81t28h50ew86o50u50t28p50u50tw70i28nw92t28h50ew86w72i28n50d50o50w72,w67o50n50en120 0
V3331
s10
f1
H720


cp
50r33o50c44e44s39sw64p50e44rw58l28i28n50e44:n120 0


x font 1 R
x font 2 I
x font 3 B
x font 4 BI
x font 5 CW
x font 6 H
x font 7 HI
x font 8 HB
x font 9 S1
x font 10 S
s10

f1

x X US KS 0 #143 stdin
x X SP 60  #143 stdin
V3392
s10
f1
H720

n120 0
V3512
s10
f1
H720


h0
s10

f1


x X PI:720:0:4680:32767:jim.ps:705u,2822u,0u,929u:c:
n120 0
x X SP 705  #1 jim.so
V4226
s10
f1
H720

n120 0


x font 1 R
x font 2 I
x font 3 B
x font 4 BI
x font 5 CW
x font 6 H
x font 7 HI
x font 8 HB
x font 9 S1
x font 10 S
s10

f1

x X SP 60  #143 stdin
x X END US KS #143 stdin


x font 1 R
x font 2 I
x font 3 B
x font 4 BI
x font 5 CW
x font 6 H
x font 7 HI
x font 8 HB
x font 9 S1
x font 10 S
s10

f1

x X SP 36 LP #144 stdin
x X BS 2 LP #144 stdin
V4407
s10
f1
H720


cI
33tw60s39h50o50w72sw71m78ew76w72i28t28hw82aw76l28i28g50h50tw60l28o50a44dwh82C\-
w82Iw65a44mwh110co
50n50l28yw82e44d50i28t28i28n50g50.w82T61ow82e44x50a44m78i28n50ewf2

76j28i28mf1

72,w57Iw65p50o50i28n50tw60t28ow82p50r33o50c44e44s39sw711500509501508w83i28nw83t28h50i28sw72l28i28s39tw61a44n50dw83s39e44l28e44c44tn120 0
V4527
s10
f1
H720


c`
f5

33o60p60e60n60 60p60r60o60c60e60s60sf1

60'w67f33r33o50mwh111ci
28t28sw72m78e44n50u50.w83Iw66a44mwh111cn
50o50wwh105cr
33e44q50u50e44s39t28e44dw83t28ow83s39w72e44e44pw83aw77`33`33P56r33o50c44e44s39s39'33'w66w72i28n50d50o50w72.w83T61h50ew77P56r33o50c44e44s39sw72w72i28n50d50o50wwh105ch
50a44sn120 0
V4647
s10
f1
H720


co
50v50e44r33a44l28lw63c44o50n50t28r33o50lw63o50fw68t28h50ew79p50r33o50c44e44s39sw74a44n50dw85c44a44nw86c44r33e44a44t28ew80w72i28n50d50o50w72sw75w72i28t28hw86m78o50r33ew80d50e44t28a44i28l28e44dw86v50i28e44w72s39.w86T61h50ew80p50r33o50c44e44s39sw75w72i28n50d50o50wwh108cs
39h50o50w72sw75t28h50en120 0
V4767
s10
f1
H720


cs
39t28a44t28ew69o50fw58t28h50ew69p50r33o50c44e44s39s39,w50a44n50dw75aw69c44a44l28l28s39t28a44c44kw75i28fw58t28h50ew69p50r33o50c44e44s39sw64i28sw64s39t28o50p50p50e44d50.w75T61h50ew69s39t28a44t28ew69o50fw58p50r33o50c44e44s39sw641500509501508w75i28s39:n120 0


x font 1 R
x font 2 I
x font 3 B
x font 4 BI
x font 5 CW
x font 6 H
x font 7 HI
x font 8 HB
x font 9 S1
x font 10 S
s10

f1

x X US KS 0 #155 stdin
x X SP 60  #155 stdin
V4828
s10
f1
H720

n120 0
V4948
s10
f1
H720


h0
s10

f1


x X PI:720:0:4680:32767:RUN1.ps:316u,2080u,0u,1300u:c:
n120 0
x X SP 316  #1 RUN1.so
V5268
s10
f1
H720

n120 0


x font 1 R
x font 2 I
x font 3 B
x font 4 BI
x font 5 CW
x font 6 H
x font 7 HI
x font 8 HB
x font 9 S1
x font 10 S
s10

f1

x X SP 60  #155 stdin
x X END US KS #155 stdin


x font 1 R
x font 2 I
x font 3 B
x font 4 BI
x font 5 CW
x font 6 H
x font 7 HI
x font 8 HB
x font 9 S1
x font 10 S
s10

f1

x X SP 36 LP #156 stdin
x X BS 2 LP #156 stdin
V5449
s10
f1
H720


cT
61h50i28sw77i28sw77t28h50ew83u50s39u50a44lw67s39t28a44t28ew83f33o50rwf2

72j28i28mf1

72'33sw78h50o50s39tw67p50r33o50c44e44s39swh78C\-
w89i28tw67i28sw78b50l28o50c44k50e44dw89r33e44a44d50i28n50gw89f33r33o50mwh117ct
28h50ew83t28e44r33m78i28n50a44l28.wf2

89P61iwf1

67p50o50l28l28sw78t28h50ew83s39t28a44t28ew83o50fw72t28h50en120 0
V5569
s10
f1
H720


cp
50r33o50c44e44s39sw82e44v50e44r33yw93s39e44c44o50n50dw93a44n50dw93u50p50d50a44t28e44sw82t28h50ew87P56r33o50c44e44s39sw82w72i28n50d50o50wwh115ca
44s39y50n50c44h50r33o50n50o50u50s39l28yw93w72i28t28hw93r33e44s39p50e44c44tw71t28ow92t28h50ew86u50s39e44rw75a44n50dw92t28h50ew86s39u50b50j28e44c44tn120 0
V5689
s10
f1
H720


cp
50r33o50c44e44s39s39.w75A72f33t28e44rw58s39o50m78ew69m78o50r33ew69e44d50i28t28i28n50gw75t28h50ew69c44o50n50s39u50m78e44dw75p50r33o50c44e44s39s39o50rw58t28i28m78ew69h50a44sw64i28n50c44r33e44a44s39e44d50.25.w75Iw58r33a44i28s39ew69t28h50ew69P56r33o50c44e44s39sw64w72i28n50d50o50w72'33sw64m78e44n50u50:n120 0


x font 1 R
x font 2 I
x font 3 B
x font 4 BI
x font 5 CW
x font 6 H
x font 7 HI
x font 8 HB
x font 9 S1
x font 10 S
s10

f1

x X US KS 0 #163 stdin
x X SP 60  #163 stdin
V5750
s10
f1
H720

n120 0
V5870
s10
f1
H720


h0
s10

f1


x X PI:720:0:4680:32767:srctext.ps:900u,2743u,0u,968u:c:
n120 0
x X SP 900  #1 srctext.so
V6781
s10
f1
H720

n120 0


x font 1 R
x font 2 I
x font 3 B
x font 4 BI
x font 5 CW
x font 6 H
x font 7 HI
x font 8 HB
x font 9 S1
x font 10 S
s10

f1

x X SP 60  #163 stdin
x X END US KS #163 stdin


x font 1 R
x font 2 I
x font 3 B
x font 4 BI
x font 5 CW
x font 6 H
x font 7 HI
x font 8 HB
x font 9 S1
x font 10 S
s10

f1

x X SP 36 LP #164 stdin
x X BS 2 LP #164 stdin
V6962
s10
f1
H720


c`
f5

33s60t60o60pf1

60'w59s39t28o50p50sw65t28h50ew70p50r33o50c44e44s39sw65a44s39y50n50c44h50r33o50n50o50u50s39l28y50.w77`f5

33r60u60nf1

60'w60r33e44s39t28a44r33t28sw66i28t28.w77`f5

33s60r60c60 60t60e60x60tf1

60'w60c44r33e44a44t28e44sw66w72i28n50d50o50w72sw66f33o50rw60v50i28e44w72i28n50gw77s39o50u50r33c44ew71t28e44x50t28.n120 0
V7082
s10
f1
H720


c`
f5

33G60l60o60b60a60l60sf1

60'w81c44r33e44a44t28e44sw87aw92w72i28n50d50o50wwh120cf
33o50rw81e44v50a44l28u50a44t28i28n50gw98e44x50p50r33e44s39s39i28o50n50sw87i28nw98g50l28o50b50a44lw76s39c44o50p50e44.w98`f5

33R60a60w60M60e60m60o60r60yf1

60'w81c44r33e44a44t28e44sw87aw92`33`33m78e44m78o50r33yn120 0
V7202
s10
f1
H720


ce
44d50i28t28o50r33,25'33'w65i28nw82w72h50i28c44hw82u50n50i28n50t28e44r33p50r33e44t28e44dw82m78e44m78o50r33yw82c44e44l28l28sw71m78a44yw82b50ew76v50i28e44w72e44dw82a44n50dw82m78o50d50ih28Cfi
56e44d50.w82`f5

33A60s60s60e60m60b60l60e60rf1

60'w66c44r33e44a44t28e44sw72aw77w72i28n50d50o50wwh105ct
28h50a44tn120 0


x font 1 R
x font 2 I
x font 3 B
x font 4 BI
x font 5 CW
x font 6 H
x font 7 HI
x font 8 HB
x font 9 S1
x font 10 S
s10

f1

x X BT 336 #49 stdin
V7560
s10
f1
H720


c3
503506wh4040cU
72N72I33Xw72 25P56a44p50e44r33swn120 0
x X END BT 336 #49 stdin
V7920
p337


x font 1 R
x font 2 I
x font 3 B
x font 4 BI
x font 5 CW
x font 6 H
x font 7 HI
x font 8 HB
x font 9 S1
x font 10 S
s10

f1

x X PT 337 #54 stdin
V480
s10
f1
H720

x font 0 NI
f0


cp
57iwf1

h4054cT
61h50ew44 25F56e44e44lw28 25o50f33 25P56iwn120 0
x X END PT 337 #54 stdin
V720
V840
s10
f1
H720


cd
50i28s39a44s39s39e44m78b50l28e44sw65m78e44m78o50r33yw76a44n50dw76p50r33o50v50i28d50e44sw65i28n50s39t28r33u50c44t28i28o50nw76l28e44v50e44lw54o50p50e44r33a44t28i28o50n50s39.w76`f5

33S60i60g60n60a60l60sf1

60'w59c44r33e44a44t28e44sw65aw70w72i28n50d50o50ww98t28h50a44tw54m78o50n50i28t28o50r33sw64s39i28g50n50a44l28sn120 0
V960
s10
f1
H720


ct
28ow75t28h50ew69p50r33o50c44e44s39s39.w75`f5

33k60i60l60l60?f1

60'w83k50i28l28l28sw64t28h50ew69p50r33o50c44e44s39s39;w53t28h50ew69q50u50e44s39t28i28o50nw75m78a44r33kw75c44a44l28l28sw64f33o50rw58aw69c44o50nh50Cfi
56r33m78i28n50gw75b50u50t28t28o50nw75h50i28t28.w75`f5

33J60o60u60r60n60a60lf1

60'w59c44r33e44a44t28e44sw65an120 0
V1080
s10
f1
H720


cw
72i28n50d50o50ww97t28h50a44tw53r33e44c44o50r33d50sw64s39i28g50n50ih28Cfi
56c44a44n50tw53e44v50e44n50t28sw64i28nw75t28h50ew69p50r33o50c44e44s39swh64C\-
w75aw69t28r33a44c44e44.n120 0


x font 1 R
x font 2 I
x font 3 B
x font 4 BI
x font 5 CW
x font 6 H
x font 7 HI
x font 8 HB
x font 9 S1
x font 10 S
s10

f1

x X SP 36 PP #185 stdin
x X BS 2 PP #185 stdin
V1241
s10
f1
H720


h250cF
56i28r33s39t28,w60Iw68c44h50o50o50s39ew79t28ow86l28o50o50kw86a44tw64s39o50m78ew80s39o50u50r33c44ew80t28e44x50t28.w86I33fw69t28h50e44r33ew80w72e44r33ew80aw80s39i28n50g50l28ew80s39o50u50r33c44ewh80Cfi
56l28e44,w61`f5

33s60r60c60 60t60e60x60tf1

60'w69w72o50u50l28dw86c44r33e44a44t28ew80an120 0
V1361
s10
f1
H720


c`
33`33S56o50u50r33c44ew76T61e44x50t28'33'w65w72i28n50d50o50wwh103cf
33o50rw64i28t28.wf2

81J44i28mwf1

h103ch
50a44sw70s39e44v50e44r33a44lw59s39o50u50r33c44ewh75Cfi
56l28e44s39;w59s39owf2

81p50iwf1

59a44s39k50sw70m78ew75t28ow81s39w72e44e44pw81aw75`33`33S56o50u50r33c44ew75F56i28l28e44s39'33'w64w72i28n50d50o50wwh103ct
28h50a44tn120 0
V1481
s10
f1
H720


cl
28i28s39t28sw64t28h50e44m78:n120 0


x font 1 R
x font 2 I
x font 3 B
x font 4 BI
x font 5 CW
x font 6 H
x font 7 HI
x font 8 HB
x font 9 S1
x font 10 S
s10

f1

x X US KS 0 #192 stdin
x X SP 60  #192 stdin
V1549
s10
f1
H720

n120 0
V1669
s10
f1
H720


h0
s10

f1


x X PI:720:0:4680:32767:srcfiles.ps:907u,2908u,0u,886u:c:
n120 0
x X SP 907  #1 srcfiles.so
V2692
s10
f1
H720

n120 0


x font 1 R
x font 2 I
x font 3 B
x font 4 BI
x font 5 CW
x font 6 H
x font 7 HI
x font 8 HB
x font 9 S1
x font 10 S
s10

f1

x X SP 60  #192 stdin
x X END US KS #192 stdin


x font 1 R
x font 2 I
x font 3 B
x font 4 BI
x font 5 CW
x font 6 H
x font 7 HI
x font 8 HB
x font 9 S1
x font 10 S
s10

f1

x X SP 36 LP #193 stdin
x X BS 2 LP #193 stdin
V2880
s10
f1
H720


cI
w59p50o50i28n50tw54t28owf5

76p60a60t60t60e60r60n60.60cwf1

86a44n50dw76c44h50o50o50s39ew70`f5

33o60p60e60n60 60s60o60u60r60c60e60 60f60i60l60ef1

60'w59f33r33o50mwh104ci
28t28sw65m78e44n50u50.w76Iw59s39w72e44e44pw76aw70S56o50u50r33c44ew70T61e44x50tw55w72i28n50d50o50w72.w77I33twh55Cfi
56l28l28sn120 0
V3000
s10
f1
H720


cw
72i28t28hw75t28h50ewh69Cfi
56r33s39tw53f33e44ww97l28i28n50e44sw64o50fwf5

58p60a60t60t60e60r60n60.60cf1

60.w75Iw58r33a44i28s39ew69i28t28sw64m78e44n50u50:n120 0


x font 1 R
x font 2 I
x font 3 B
x font 4 BI
x font 5 CW
x font 6 H
x font 7 HI
x font 8 HB
x font 9 S1
x font 10 S
s10

f1

x X US KS 0 #203 stdin
x X SP 60  #203 stdin
V3068
s10
f1
H720

n120 0
V3188
s10
f1
H720


h0
s10

f1


x X PI:720:0:4680:32767:index.ps:1108u,2908u,0u,886u:c:
n120 0
x X SP 1108  #1 index.so
V4438
s10
f1
H720

n120 0


x font 1 R
x font 2 I
x font 3 B
x font 4 BI
x font 5 CW
x font 6 H
x font 7 HI
x font 8 HB
x font 9 S1
x font 10 S
s10

f1

x X SP 60  #203 stdin
x X END US KS #203 stdin


x font 1 R
x font 2 I
x font 3 B
x font 4 BI
x font 5 CW
x font 6 H
x font 7 HI
x font 8 HB
x font 9 S1
x font 10 S
s10

f1

x X SP 36 LP #204 stdin
x X BS 2 LP #204 stdin
V4626
s10
f1
H720


c(
33Iw66h50a44v50ew77n50o50tw61l28o50o50k50e44dw83a44tw62t28h50i28sw73c44o50d50ew78b50e44f33o50r33ew78s39t28a44r33t28i28n50gw84t28ow84w72r33i28t28ew78t28h50i28sw73e44x50a44m78p50l28e44.w84Iw67b50e44l28i28e44v50ew78Iw67w72i28l28lwh62Cfi
56n50dwf2

84j28i28mf1

72'33sw73r33e44g50u50l28a44rw67e44x50p50r33e44s39s39i28o50nn120 0
V4746
s10
f1
H720


cp
50a44t28t28e44r33nw77m78a44t28c44h50e44rw60h50e44r33e44.w77Iw60k50n50o50ww99n50ow77d50e44t28a44i28l28sw66o50fw60i28t28sw66i28m78p50l28e44m78e44n50t28a44t28i28o50n50.w77I33tw55i28sw65a44sw65i28fw59Iw59w72e44r33ew70s39t28a44r33t28i28n50gw76f33r33o50mwh104cs
39c44r33a44t28c44hw76t28owh76Cfi
56n50dw76aw70b50u50gw76i28nn120 0
V4866
s10
f1
H720


cP
56i28k50e44'33sw64c44o50d50e44.25)w83M89o50v50i28n50gw75t28h50ew69c44u50r33s39o50rw58o50v50e44rw58t28h50ew69a44r33r33o50ww97a44tw53t28h50ew69r33i28g50h50tw53o50fw58`f5

33i60n60d60e60x60 60b60y60 60f60c60nf1

60'w58p50o50p50sw64u50pw76aw70s39u50b50-33m78e44n50uw76t28h50a44tw54i28sw65aw70t28a44b50l28en120 0
V4986
s10
f1
H720


co
50fw58c44o50n50t28e44n50t28sw64b50yw75f33u50n50c44t28i28o50nw75(33w72i28t28hw75l28i28n50ew69n50u50m78b50e44r33)w58o50fwf5

58p60a60t60t60e60r60n60.60cf1

60:n120 0


x font 1 R
x font 2 I
x font 3 B
x font 4 BI
x font 5 CW
x font 6 H
x font 7 HI
x font 8 HB
x font 9 S1
x font 10 S
s10

f1

x X US KS 0 #213 stdin
x X SP 60  #213 stdin
V5054
s10
f1
H720

n120 0
V5174
s10
f1
H720


h0
s10

f1


x X PI:720:0:4680:32767:compile.ps:1418u,1576u,0u,1552u:c:
n120 0
x X SP 1418  #1 compile.so
V6774
s10
f1
H720

n120 0


x font 1 R
x font 2 I
x font 3 B
x font 4 BI
x font 5 CW
x font 6 H
x font 7 HI
x font 8 HB
x font 9 S1
x font 10 S
s10

f1

x X SP 60  #213 stdin
x X END US KS #213 stdin
V6962
s10
f1
H720


cI
33tw73s39u50g50g50e44s39t28s39,w70a44sw84Iw78e44x50p50e44c44t28e44d50,w70t28h50a44twf2

73j28i28mwf1

h117cc
44o50m78p50i28l28e44sw84r33e44g50u50l28a44rw78e44x50p50r33e44s39s39i28o50n50sw84i28n50t28ow95aw89r33e44p50r33e44s39e44n50t28a44t28i28o50nw95f33r33o50mwh123cw
72h50i28c44hw95t28h50e44yw95c44a44nw96b50en120 0
V7082
s10
f1
H720


ci
28n50t28e44r33p50r33e44t28e44dw82e44fh33Cfi
56c44i28e44n50t28l28y50.w82T61ow82s39e44ew76s39o50m78ew76o50fw65t28h50i28sw71c44o50d50e44,w57Iw65s39e44l28e44c44tw60`f5

33c60o60m60p60i60l60e60(60)60.60.60.60.60.60.60.607609f1

60'33.w81T61h50i28sw70s39c44r33o50l28l28sw70t28h50ew75w72i28n50d50o50wwh103cs
39on120 0
V7202
s10
f1
H720


ct
28h50a44tw53t28h50ew69l28i28n50ew69w72i28t28hw75t28h50ew69o50p50e44n50i28n50gw75b50r33a44c44ew69o50fwf5

58c60o60m60p60i60l60e60(60)wf1

85i28sw64i28nw75t28h50ew69c44e44n50t28e44r33:n120 0


x font 1 R
x font 2 I
x font 3 B
x font 4 BI
x font 5 CW
x font 6 H
x font 7 HI
x font 8 HB
x font 9 S1
x font 10 S
s10

f1

x X BT 337 #54 stdin
V7560
s10
f1
H720


cR
67e44s39e44a44r33c44h50 25T61e44n50t28h50 25E61d50i28t28i28o50nwh3637c3
503507wn120 0
x X END BT 337 #54 stdin
V7920
p338


x font 1 R
x font 2 I
x font 3 B
x font 4 BI
x font 5 CW
x font 6 H
x font 7 HI
x font 8 HB
x font 9 S1
x font 10 S
s10

f1

x X PT 338 #59 stdin
V480
s10
f1
H720


cT
61h50ew44 25F56e44e44lw28 25o50fw33 25P56iwx font 0 NI
f0

h4049cp
57iwn120 0
x X END PT 338 #59 stdin
V720


x font 1 R
x font 2 I
x font 3 B
x font 4 BI
x font 5 CW
x font 6 H
x font 7 HI
x font 8 HB
x font 9 S1
x font 10 S
s10

f1

x X US KS 0 #221 stdin
x X SP 60  #221 stdin
V720
s10
f1
H720

n120 0
V840
s10
f1
H720


h0
s10

f1


x X PI:720:0:4680:32767:setbpt.ps:1000u,2908u,0u,886u:c:
n120 0
x X SP 1000  #1 setbpt.so
V1953
s10
f1
H720

n120 0


x font 1 R
x font 2 I
x font 3 B
x font 4 BI
x font 5 CW
x font 6 H
x font 7 HI
x font 8 HB
x font 9 S1
x font 10 S
s10

f1

x X SP 60  #221 stdin
x X END US KS #221 stdin


x font 1 R
x font 2 I
x font 3 B
x font 4 BI
x font 5 CW
x font 6 H
x font 7 HI
x font 8 HB
x font 9 S1
x font 10 S
s10

f1

x X SP 36 LP #222 stdin
x X BS 2 LP #222 stdin
V2140
s10
f1
H720


cT
61ow76s39e44tw54aw70b50r33e44a44k50p50o50i28n50t28,w51Iw59p50o50i28n50tw54t28ow76aw71l28i28n50ew71o50fw60s39o50u50r33c44ew71t28e44x50t28,w52s39a44yw77t28h50ew71o50p50e44n50i28n50gw77b50r33a44c44e44,w52a44n50dw77s39e44l28e44c44tw55`f5

33s60e60t60 60b60p60tf1

60'w60f33r33o50mwh105ci
28t28sw66m78e44n50u50.w77T61on120 0
V2260
s10
f1
H720


ci
28n50d50i28c44a44t28ew69t28h50ew69b50r33e44a44k50p50o50i28n50t28,w50`f5

33>60>60>f1

60'w58a44p50p50e44a44r33sw64a44tw53t28h50ew69b50e44g50i28n50n50i28n50gw75o50fw58t28h50ew69s39o50u50r33c44ew69l28i28n50e44:n120 0


x font 1 R
x font 2 I
x font 3 B
x font 4 BI
x font 5 CW
x font 6 H
x font 7 HI
x font 8 HB
x font 9 S1
x font 10 S
s10

f1

x X US KS 0 #230 stdin
x X SP 60  #230 stdin
V2327
s10
f1
H720

n120 0
V2447
s10
f1
H720


h0
s10

f1


x X PI:720:0:4680:32767:gtgtgt.ps:1044u,2908u,0u,886u:c:
n120 0
x X SP 1044  #1 gtgtgt.so
V3608
s10
f1
H720

n120 0


x font 1 R
x font 2 I
x font 3 B
x font 4 BI
x font 5 CW
x font 6 H
x font 7 HI
x font 8 HB
x font 9 S1
x font 10 S
s10

f1

x X SP 60  #230 stdin
x X END US KS #230 stdin


x font 1 R
x font 2 I
x font 3 B
x font 4 BI
x font 5 CW
x font 6 H
x font 7 HI
x font 8 HB
x font 9 S1
x font 10 S
s10

f1

x X SP 36 LP #231 stdin
x X BS 2 LP #231 stdin
V3795
s10
f1
H720


cN
72o50t28ew69t28h50a44tw53t28h50ew69b50r33e44a44k50p50o50i28n50tw53w72a44sw64s39e44tw53w72h50i28l28ewf2

69j28i28mwf1

97e44x50e44c44u50t28e44dw75a44s39y50n50c44h50r33o50n50o50u50s39l28y50.n120 0


x font 1 R
x font 2 I
x font 3 B
x font 4 BI
x font 5 CW
x font 6 H
x font 7 HI
x font 8 HB
x font 9 S1
x font 10 S
s10

f1

x X SP 36 PP #233 stdin
x X BS 2 PP #233 stdin
V3955
s10
f1
H720


h250cT
61ow88f33o50r33c44ewf2

82j28i28mwf1

h110ct
28ow88e44x50e44c44u50t28ew82t28h50ew82b50r33e44a44k50p50o50i28n50t28,w63Iw71t28y50p50ew82(33i28nwf2

88j28i28mf1

72'33sw77l28a44y50e44r33)w71aw82s39e44a44r33c44hw88c44o50m78m78a44n50dw89w72h50o50s39ew83p50a44t28t28e44r33nw89m78a44t28c44h50e44sw78an120 0
V4075
s10
f1
H720


cn
50o50n50-33e44m78p50t28yw87s39e44q50u50e44n50c44ew81o50fw70`f5

33af1

60'w70f33o50l28l28o50w72e44dw87b50yw87aw81n50o50n50-33e44m78p50t28yw87s39e44q50u50e44n50c44ew81o50fw70`f5

33bf1

60'33:wf5

65/60a60+60b60+f1

60.w87W94h50e44nwf2

87j28i28mwf1

h109ch
50i28t28sw75t28h50ew80b50r33e44a44k50p50o50i28n50t28,wf2

61p50in120 0
V4195
s10
f2
H720

f1


ca
44s39y50n50c44h50r33o50n50o50u50s39l28yw78n50o50t28i28c44e44sw67i28t28sw67c44h50a44n50g50ew72o50fw61s39t28a44t28ew72a44n50dw78r33e44p50o50r33t28sw67i28tw56i28nw78t28h50ew72P56r33o50c44e44s39sw67w72i28n50d50o50w72,w54a44l28o50n50gw79w72i28t28hw79a44sw68m78u50c44hw79o50fw62t28h50ew73c44a44l28l28s39t28a44c44kn120 0
V4315
s10
f1
H720


ca
44swh64Cfi
56t28sw64(33h50e44r33e44,w50o50n50l28yw75t28h50ew69d50e44e44p50e44s39tw53a44c44t28i28v50a44t28i28o50nw75r33e44c44o50r33d50)33:n120 0


x font 1 R
x font 2 I
x font 3 B
x font 4 BI
x font 5 CW
x font 6 H
x font 7 HI
x font 8 HB
x font 9 S1
x font 10 S
s10

f1

x X US KS 0 #243 stdin
x X SP 60  #243 stdin
V4382
s10
f1
H720

n120 0
V4502
s10
f1
H720


h0
s10

f1


x X PI:720:0:4680:32767:bpt.ps:482u,2491u,0u,1094u:c:
n120 0
x X SP 482  #1 bpt.so
V5038
s10
f1
H720

n120 0


x font 1 R
x font 2 I
x font 3 B
x font 4 BI
x font 5 CW
x font 6 H
x font 7 HI
x font 8 HB
x font 9 S1
x font 10 S
s10

f1

x X SP 60  #243 stdin
x X END US KS #243 stdin


x font 1 R
x font 2 I
x font 3 B
x font 4 BI
x font 5 CW
x font 6 H
x font 7 HI
x font 8 HB
x font 9 S1
x font 10 S
s10

f1

x X SP 36 LP #244 stdin
x X BS 2 LP #244 stdin
V5225
s10
f1
H720


cI
33nw81t28h50ew75S56o50u50r33c44ew75T61e44x50tw59w72i28n50d50o50w72,w57t28h50ew76b50r33e44a44k50p50o50i28n50tw60s39o50u50r33c44ew76l28i28n50ew76i28sw71s39e44l28e44c44t28e44dw82t28ow82s39h50o50wwh104ct
28h50ew76c44u50r33r33e44n50tw60c44o50n50t28e44x50t28.w82T61ow82s39e44ew76m78o50r33ew76o50fw65t28h50en120 0
V5345
s10
f1
H720


cc
44a44l28l28s39t28a44c44kw75Iw58r33e44s39h50a44p50ew69t28h50ew69P56r33o50c44e44s39sw64w72i28n50d50o50w72,w50m78a44k50i28n50gw75i28tw53l28a44r33g50e44r33:n120 0


x font 1 R
x font 2 I
x font 3 B
x font 4 BI
x font 5 CW
x font 6 H
x font 7 HI
x font 8 HB
x font 9 S1
x font 10 S
s10

f1

x X US KS 0 #248 stdin
x X SP 60  #248 stdin
V5412
s10
f1
H720

n120 0
V5532
s10
f1
H720


h0
s10

f1


x X PI:720:0:4680:32767:callstack.ps:799u,3240u,0u,720u:c:
n120 0
x X SP 799  #1 callstack.so
V6421
s10
f1
H720

n120 0


x font 1 R
x font 2 I
x font 3 B
x font 4 BI
x font 5 CW
x font 6 H
x font 7 HI
x font 8 HB
x font 9 S1
x font 10 S
s10

f1

x X SP 60  #248 stdin
x X END US KS #248 stdin


x font 1 R
x font 2 I
x font 3 B
x font 4 BI
x font 5 CW
x font 6 H
x font 7 HI
x font 8 HB
x font 9 S1
x font 10 S
s10

f1

x X SP 36 LP #249 stdin
x X BS 2 LP #249 stdin
V6608
s10
f1
H720


cT
61ow96s39e44ew90t28h50ew90c44o50n50t28e44x50tw75f33r33o50mwh125cw
72h50i28c44hwf5

97c60o60m60p60i60l60e60(60)wf1

h107cw
72a44sw86c44a44l28l28e44d50,w72Iw80s39e44l28e44c44tw75t28h50ewf5

91c60o60m60m60a60n60d60s60(60f60=60060x60B60C60A60C60)wf1

h107cl
28i28n50ew91f33r33o50mwh125ct
28h50en120 0
V6728
s10
f1
H720


cc
44a44l28l28s39t28a44c44kw82a44n50dw82c44h50o50o50s39ew76`f5

33s60h60o60w60 60j60i60m60.60c60:603606608f1

60'w65f33r33o50mwh110ci
28t28sw71m78e44n50u50.w82Iw64a44mwh109cp
50r33o50m78p50t28e44dw81t28ow81s39w72e44e44pw81a44n50o50t28h50e44rw64S56o50u50r33c44ew75T61e44x50tw59w72i28n50d50o50w72,n120 0
V6848
s10
f1
H720

f5


cj
60i60m60.60cf1

60,w50t28ow75s39e44ew69t28h50i28sw64c44o50n50t28e44x50t28.w75T61ow75c44a44t28c44hw75t28h50ew69p50r33o50c44e44s39sw64b50e44f33o50r33ew69i28tw53c44a44l28l28swf5

64e60x60e60c60u60t60e60(60)f1

60,w50Iw58c44h50a44n50g50ew69t28h50ew69s39e44l28e44c44t28i28o50nw75f33r33o50mwh103ct
28h50ew69l28i28n50en120 0
x X SP 60 P1 #263 stdin
x X US P1 #263 stdin
V7015
s10
f1
H720

f5

s9


h288cc
54o54m54p54i54l54e54(54p54,wh108cT
54R54U54E54)54;n100 0
x X END US P1 #265 stdin
x X SP 60 P2 #265 stdin
V7202
s9
f5
H720

f1

s10


ct
28ow75t28h50ewf5

69i60fwf1

85s39t28a44t28e44m78e44n50tw53f33o50u50rw58l28i28n50e44sw64b50e44l28o50ww97a44n50dw75s39e44tw53aw69b50r33e44a44k50p50o50i28n50t28:n120 0


x font 1 R
x font 2 I
x font 3 B
x font 4 BI
x font 5 CW
x font 6 H
x font 7 HI
x font 8 HB
x font 9 S1
x font 10 S
s10

f1

x X BT 338 #59 stdin
V7560
s10
f1
H720


c3
503508wh4040cU
72N72I33Xw72 25P56a44p50e44r33swn120 0
x X END BT 338 #59 stdin
V7920
p339


x font 1 R
x font 2 I
x font 3 B
x font 4 BI
x font 5 CW
x font 6 H
x font 7 HI
x font 8 HB
x font 9 S1
x font 10 S
s10

f1

x X PT 339 #61 stdin
V480
s10
f1
H720

x font 0 NI
f0


cp
57iwf1

h4054cT
61h50ew44 25F56e44e44lw28 25o50f33 25P56iwn120 0
x X END PT 339 #61 stdin
V720


x font 1 R
x font 2 I
x font 3 B
x font 4 BI
x font 5 CW
x font 6 H
x font 7 HI
x font 8 HB
x font 9 S1
x font 10 S
s10

f1

x X US KS 0 #270 stdin
x X SP 60  #270 stdin
V720
s10
f1
H720

n120 0
V840
s10
f1
H720


h0
s10

f1


x X PI:720:0:4680:32767:jimc.ps:1072u,2908u,0u,886u:c:
n120 0
x X SP 1072  #1 jimc.so
V1968
s10
f1
H720

n120 0


x font 1 R
x font 2 I
x font 3 B
x font 4 BI
x font 5 CW
x font 6 H
x font 7 HI
x font 8 HB
x font 9 S1
x font 10 S
s10

f1

x X SP 60  #270 stdin
x X END US KS #270 stdin


x font 1 R
x font 2 I
x font 3 B
x font 4 BI
x font 5 CW
x font 6 H
x font 7 HI
x font 8 HB
x font 9 S1
x font 10 S
s10

f1

x X SP 36 LP #271 stdin
x X BS 2 LP #271 stdin
V2151
s10
f1
H720


cI
w58t28h50e44nw75`f5

33r60u60nf1

60'w58f33r33o50mwh103ct
28h50ew69S56o50u50r33c44ew69T61e44x50tw53w72i28n50d50o50w72'33sw64m78e44n50u50:n120 0


x font 1 R
x font 2 I
x font 3 B
x font 4 BI
x font 5 CW
x font 6 H
x font 7 HI
x font 8 HB
x font 9 S1
x font 10 S
s10

f1

x X US KS 0 #275 stdin
x X SP 60  #275 stdin
V2214
s10
f1
H720

n120 0
V2334
s10
f1
H720


h0
s10

f1


x X PI:720:0:4680:32767:run.ps:468u,3240u,0u,720u:c:
n120 0
x X SP 468  #1 run.so
V2826
s10
f1
H720

n120 0


x font 1 R
x font 2 I
x font 3 B
x font 4 BI
x font 5 CW
x font 6 H
x font 7 HI
x font 8 HB
x font 9 S1
x font 10 S
s10

f1

x X SP 60  #275 stdin
x X END US KS #275 stdin


x font 1 R
x font 2 I
x font 3 B
x font 4 BI
x font 5 CW
x font 6 H
x font 7 HI
x font 8 HB
x font 9 S1
x font 10 S
s10

f1

x X SP 36 LP #276 stdin
x X BS 2 LP #276 stdin


x font 1 R
x font 2 I
x font 3 B
x font 4 BI
x font 5 CW
x font 6 H
x font 7 HI
x font 8 HB
x font 9 S1
x font 10 S
s10

f1

x X SP 36 PP #277 stdin
x X BS 2 PP #277 stdin
V3009
s10
f1
H720


h250cW
94h50e44nwf2

78j28i28mwf1

h100cr
33e44a44c44h50e44sw67t28h50i28sw67b50r33e44a44k50p50o50i28n50t28,w53Iw61c44h50o50o50s39ew72`f5

33s60t60e60p60 60i60n60t60o60 60f60c60nf1

60'w61f33r33o50mwh106ct
28h50ew72s39a44m78ew73m78e44n50uw79t28ow79s39t28e44pw79t28h50ew73p50r33o50c44e44s39sw68i28n50t28on120 0
V3129
s10
f1
H720

f5


ce
60x60e60c60u60t60e60(60)f1

60.wh112c(
33T61h50ewh106co
50t28h50e44rw95s39o50u50r33c44ewh106cs
39t28e44p50p50i28n50gwh112cc
44o50m78m78a44n50d50swh101cs
39t28e44pwf2

h112co
50v44e44rwf1

h109cc
44a44l28l28e44dwh111cf
33u50n50c44t28i28o50n50s39.25)wh119cT
61h50ewh105cs
39o50u50r33c44ewh105cc
44o50n50t28e44x50tw89f33o50rn120 0
V3249
s10
f1
H720

f5


ce
60x60e60c60u60t60e60(60)wf1

89i28sw68b50a44c44kw79i28nw80t28h50ewh74Cfi
56r33s39tw58s39o50u50r33c44ewh74Cfi
56l28e44,wf5

55p60a60t60t60e60r60n60.60cf1

60.wf5

80p60a60t60t60e60r60n60.60cf1

60'33sw69S56o50u50r33c44ew74T61e44x50tw58w72i28n50d50o50wwh102cm
78o50v50e44sw69t28ow80t28h50ew74f33r33o50n50tn120 0
V3369
s10
f1
H720


co
50fw58t28h50ew69s39c44r33e44e44nw75a44n50dw75h50i28g50h50l28i28g50h50t28sw64t28h50ew69o50p50e44n50i28n50gw75b50r33a44c44ew69o50fwf5

58e60x60e60c60u60t60e60(60)f1

60:n120 0


x font 1 R
x font 2 I
x font 3 B
x font 4 BI
x font 5 CW
x font 6 H
x font 7 HI
x font 8 HB
x font 9 S1
x font 10 S
s10

f1

x X US KS 0 #293 stdin
x X SP 60  #293 stdin
V3432
s10
f1
H720

n120 0
V3552
s10
f1
H720


h0
s10

f1


x X PI:720:0:4680:32767:step1stmt.ps:1209u,3240u,0u,720u:c:
n120 0
x X SP 1209  #1 step1stmt.so
V4824
s10
f1
H720

n120 0


x font 1 R
x font 2 I
x font 3 B
x font 4 BI
x font 5 CW
x font 6 H
x font 7 HI
x font 8 HB
x font 9 S1
x font 10 S
s10

f1

x X SP 60  #293 stdin
x X END US KS #293 stdin


x font 1 R
x font 2 I
x font 3 B
x font 4 BI
x font 5 CW
x font 6 H
x font 7 HI
x font 8 HB
x font 9 S1
x font 10 S
s10

f1

x X SP 36 LP #294 stdin
x X BS 2 LP #294 stdin
V5007
s10
f1
H720


cI
33tw88a44p50p50e44a44r33sw99t28h50a44tw88t28h50ewh104cr
33e44a44lw88w72o50r33kwh110cw
72i28l28lw88b50ewh104cd
50o50n50ewh104cb
50ywf5

h110cf
60e60x60e60c60u60t60e60(60)f1

60.wh110cI
w93c44o50u50l28dwh110cs
39e44tw88awh104cb
50r33e44a44k50p50o50i28n50tw88t28h50e44r33e44,w85b50u50tw88Iw93u50s39en120 0
V5127
s10
f1
H720


c`
f5

33s60t60e60p60 60160 60s60t60m60tf1

60'w58f33r33o50mwh103ct
28h50ew69s39o50u50r33c44ew69w72i28n50d50o50w72'33sw64m78e44n50uw75aw69f33e44ww97t28i28m78e44sw64u50n50t28i28lw53Iw58g50e44tw53t28o50:n120 0
x X SP 60 P1 #300 stdin
x X US P1 #300 stdin
V5290
s10
f1
H720

f5

s9


h288cr
54e54t54u54r54nwh108cf
54e54x54e54c54u54t54e54(54f54)54;n100 0
x X END US P1 #302 stdin
x X SP 60 P2 #302 stdin
V5473
s9
f5
H720

f1

s10


ca
44n50dw75t28h50e44nw75u50s39ew69`f5

33s60t60e60p60 60i60n60t60o60 60f60c60nf1

60'w58a44g50a44i28n50.w75T61h50ew69c44o50n50t28e44x50tw53s39h50o50w72nw75f33r33o50mwf5

h103cp
60a60t60t60e60r60n60.60cwf1

85c44h50a44n50g50e44s39:n120 0


x font 1 R
x font 2 I
x font 3 B
x font 4 BI
x font 5 CW
x font 6 H
x font 7 HI
x font 8 HB
x font 9 S1
x font 10 S
s10

f1

x X US KS 0 #309 stdin
x X SP 60  #309 stdin
V5536
s10
f1
H720

n120 0
V5656
s10
f1
H720


h0
s10

f1


x X PI:720:0:4680:32767:fexec.ps:1065u,2656u,0u,1012u:c:
n120 0
x X SP 1065  #1 fexec.so
V6776
s10
f1
H720

n120 0


x font 1 R
x font 2 I
x font 3 B
x font 4 BI
x font 5 CW
x font 6 H
x font 7 HI
x font 8 HB
x font 9 S1
x font 10 S
s10

f1

x X SP 60  #309 stdin
x X END US KS #309 stdin


x font 1 R
x font 2 I
x font 3 B
x font 4 BI
x font 5 CW
x font 6 H
x font 7 HI
x font 8 HB
x font 9 S1
x font 10 S
s10

f1

x X SP 36 LP #310 stdin
x X BS 2 LP #310 stdin


x font 1 R
x font 2 I
x font 3 B
x font 4 BI
x font 5 CW
x font 6 H
x font 7 HI
x font 8 HB
x font 9 S1
x font 10 S
s10

f1

x X SP 36 PP #311 stdin
x X BS 2 PP #311 stdin
V6959
s10
f1
H720

f5


h250cf
60e60x60e60c60u60t60e60(60)wf1

86l28o50o50k50sw65n50o50n50-33t28r33i28v50i28a44l28.w76B67e44f33o50r33ew70g50o50i28n50gw76f33u50r33t28h50e44r33,w51Iw59w72o50u50l28dw76l28i28k50ew70t28ow76u50n50d50e44r33s39t28a44n50dw76t28h50ew70d50a44t28aw70s39t28r33u50c44t28u50r33ew70d50r33i28v50i28n50gw76i28t28.n120 0
V7079
s10
f1
H720


cI
w65d50ow82n50o50tw60k50n50o50wwh104cw
72h50a44tw60t28h50i28sw71d50a44t28aw76s39t28r33u50c44t28u50r33ew76i28s39.w82L61o50o50k50i28n50gw82f33o50r33w72a44r33dw82t28h50r33o50u50g50hw82t28h50ew76s39o50u50r33c44ew76t28e44x50tw60o50fwf5

65f60e60x60e60c60u60t60e60(60)wf1

92Iw64u50n50d50e44r33s39t28a44n50dn120 0
V7199
s10
f1
H720


cv
50e44r33yw75l28i28t28t28l28ew69o50fw58t28h50ew69c44o50d50e44.w75B67u50tw53t28h50r33e44ew69l28i28n50e44sw64d50ow75m78a44k50ew69s39e44n50s39e44:n120 0
x X SP 60 P1 #320 stdin


x font 1 R
x font 2 I
x font 3 B
x font 4 BI
x font 5 CW
x font 6 H
x font 7 HI
x font 8 HB
x font 9 S1
x font 10 S
s10

f1

x X BT 339 #61 stdin
V7560
s10
f1
H720


cR
67e44s39e44a44r33c44h50 25T61e44n50t28h50 25E61d50i28t28i28o50nwh3637c3
503509wn120 0
x X END BT 339 #61 stdin
V7920

#MESSAGE TO USER:  page 340 only 87% full; will not be adjusted
p340


x font 1 R
x font 2 I
x font 3 B
x font 4 BI
x font 5 CW
x font 6 H
x font 7 HI
x font 8 HB
x font 9 S1
x font 10 S
s10

f1

x X PT 340 #67 stdin
V480
s10
f1
H720


cT
61h50ew44 25F56e44e44lw28 25o50fw33 25P56iwx font 0 NI
f0

h4049cp
57iwn120 0
x X END PT 340 #67 stdin
V720
x X US P1 #320 stdin
V820
s10
f1
H720

f5

s9


h288c/
54*wh108cf
54a54s54twh108cc
54h54e54c54kwh108cf
54o54rwh108cf
54i54r54s54twh108cc
54h54a54rwh108c*
54/n100 0
V920
s9
f5
H720


h288ci
54f54(54s54t54a54r54t54c54h54a54rwh108c&
54&wh108c*
54s54!54=54s54t54a54r54t54c54h54a54r54)n100 0
V1020
s9
f5
H720

w
h720cg
54o54t54owh108cC
54o54n54t54i54n54u54e54;n100 0
x X END US P1 #324 stdin
x X SP 60 P2 #324 stdin
V1200
s9
f5
H720

f1

s10


cS
56u50r33e44l28y50,wf5

53s60t60a60r60t60c60h60a60rwf1

88h50o50l28d50sw67aw72l28i28t28e44r33a44lw56c44h50a44r33a44c44t28e44rw61a44n50dwf5

78swf1

88i28sw67aw72p50o50i28n50t28e44rw61i28n50t28ow78aw72s39c44a44n50n50e44dw78s39t28r33i28n50g50.w78T61ow78t28e44s39tw56t28h50i28sw67Iw61s39e44tw56aw73b50r33e44a44k50p50o50i28n50tn120 0
V1320
s10
f1
H720


co
50nw89t28h50ewf5

83i60fwf1

99a44n50dw89`f5

33r60u60nf1

60'33.w89A72tw66t28h50ew82b50r33e44a44k50p50o50i28n50tw66Iw71n50e44e44dw88t28h50ew82v50a44l28u50ew82o50fwf5

71s60t60a60r60t60c60h60a60rf1

60.w88C67h50o50o50s39i28n50gw88`f5

33o60p60e60n60 60f60r60a60m60ef1

60'w71f33r33o50mwh116ct
28h50en120 0
V1440
s10
f1
H720


cs
39o50u50r33c44ew69l28i28n50e44'33sw64m78e44n50u50:n120 0


x font 1 R
x font 2 I
x font 3 B
x font 4 BI
x font 5 CW
x font 6 H
x font 7 HI
x font 8 HB
x font 9 S1
x font 10 S
s10

f1

x X US KS 0 #339 stdin
x X SP 60  #339 stdin
V1500
s10
f1
H720

n120 0
V1620
s10
f1
H720


h0
s10

f1


x X PI:720:0:4680:32767:openframe.ps:763u,3240u,0u,720u:c:
n120 0
x X SP 763  #1 openframe.so
V2383
s10
f1
H720

n120 0


x font 1 R
x font 2 I
x font 3 B
x font 4 BI
x font 5 CW
x font 6 H
x font 7 HI
x font 8 HB
x font 9 S1
x font 10 S
s10

f1

x X SP 60  #339 stdin
x X END US KS #339 stdin


x font 1 R
x font 2 I
x font 3 B
x font 4 BI
x font 5 CW
x font 6 H
x font 7 HI
x font 8 HB
x font 9 S1
x font 10 S
s10

f1

x X SP 36 LP #340 stdin
x X BS 2 LP #340 stdin
V2563
s10
f1
H720


cc
44r33e44a44t28e44sw78aw83`33`33F56r33a44m78e44'33'w72w72i28n50d50o50wwh111cf
33o50rw72t28h50ew83a44c44t28i28v50a44t28i28o50nw89r33e44c44o50r33dw89o50fw72t28h50ew83f33u50n50c44t28i28o50nw89c44o50r33r33e44s39p50o50n50d50i28n50gw90t28ow90t28h50ew84s39o50u50r33c44ew84l28i28n50e44.w90Awh112cF
56r33a44m78en120 0
V2683
s10
f1
H720


cw
72i28n50d50o50wwh101ce
44v50a44l28u50a44t28e44sw68e44x50p50r33e44s39s39i28o50n50sw68w72i28t28hw79r33e44s39p50e44c44tw57t28ow78i28t28sw67a44c44t28i28v50a44t28i28o50nw78r33e44c44o50r33d50.w78T61h50ew72m78e44n50uw78c44o50n50t28a44i28n50sw67l28o50c44a44lw56v50a44r33i28a44b50l28e44s39,w53e44a44c44hwh78Cfl
56a44g50g50e44dn120 0
V2803
s10
f1
H720


ca
44sw64a44nw75a44r33g50u50m78e44n50t28,w50a44nw75a44u50t28o50m78a44t28i28cw69o50rw58aw69r33e44g50i28s39t28e44r33:n120 0


x font 1 R
x font 2 I
x font 3 B
x font 4 BI
x font 5 CW
x font 6 H
x font 7 HI
x font 8 HB
x font 9 S1
x font 10 S
s10

f1

x X US KS 0 #346 stdin
x X SP 60  #346 stdin
V2863
s10
f1
H720

n120 0
V2983
s10
f1
H720


h0
s10

f1


x X PI:720:0:4680:32767:startchar.ps:1044u,2743u,0u,968u:c:
n120 0
x X SP 1044  #1 startchar.so
V4027
s10
f1
H720

n120 0


x font 1 R
x font 2 I
x font 3 B
x font 4 BI
x font 5 CW
x font 6 H
x font 7 HI
x font 8 HB
x font 9 S1
x font 10 S
s10

f1

x X SP 60  #346 stdin
x X END US KS #346 stdin


x font 1 R
x font 2 I
x font 3 B
x font 4 BI
x font 5 CW
x font 6 H
x font 7 HI
x font 8 HB
x font 9 S1
x font 10 S
s10

f1

x X SP 36 LP #347 stdin
x X BS 2 LP #347 stdin
V4207
s10
f1
H720


cC
67h50o50o50s39i28n50gwf5

75s60t60a60r60t60c60h60a60rwf1

85e44v50a44l28u50a44t28e44sw64t28h50a44tw53e44x50p50r33e44s39s39i28o50n50:n120 0


x font 1 R
x font 2 I
x font 3 B
x font 4 BI
x font 5 CW
x font 6 H
x font 7 HI
x font 8 HB
x font 9 S1
x font 10 S
s10

f1

x X US KS 0 #351 stdin
x X SP 60  #351 stdin
V4267
s10
f1
H720

n120 0
V4387
s10
f1
H720


h0
s10

f1


x X PI:720:0:4680:32767:asciion.ps:763u,2743u,0u,968u:c:
n120 0
x X SP 763  #1 asciion.so
V5150
s10
f1
H720

n120 0


x font 1 R
x font 2 I
x font 3 B
x font 4 BI
x font 5 CW
x font 6 H
x font 7 HI
x font 8 HB
x font 9 S1
x font 10 S
s10

f1

x X SP 60  #351 stdin
x X END US KS #351 stdin


x font 1 R
x font 2 I
x font 3 B
x font 4 BI
x font 5 CW
x font 6 H
x font 7 HI
x font 8 HB
x font 9 S1
x font 10 S
s10

f1

x X SP 36 LP #352 stdin
x X BS 2 LP #352 stdin
V5330
s10
f1
H720


cI
33sw74t28h50a44tw63a44nw86`f5

33af1

60'33?wh105cT
61h50ew80v50a44l28u50ew80i28sw75i28nw86d50e44c44i28m78a44lw64b50e44c44a44u50s39ewf5

80s60t60a60r60t60c60h60a60rwf1

96i28sw75d50e44c44l28a44r33e44dwf5

86i60n60tf1

60.w86T61ow86o50v50e44r33r33i28d50ew80t28h50ew80d50e44f33a44u50l28tw64f33o50r33m78a44t28,w61In120 0
V5450
s10
f1
H720


cs
39e44l28e44c44tw67`f5

33f60o60r60m60a60tf1

60'w71f33r33o50mwh116ct
28h50ew82e44x50p50r33e44s39s39i28o50n50'33sw77m78e44n50u50,w63a44n50dw88`f5

33a60s60c60i60i60 60o60nf1

60'w71f33r33o50mwh116ct
28h50ew82s39u50b50-33m78e44n50u50.w88T61h50ew82e44x50p50r33e44s39s39i28o50nw88r33e44-33d50i28s39p50l28a44y50sn120 0
V5570
s10
f1
H720


ci
28t28s39e44l28f33:n120 0


x font 1 R
x font 2 I
x font 3 B
x font 4 BI
x font 5 CW
x font 6 H
x font 7 HI
x font 8 HB
x font 9 S1
x font 10 S
s10

f1

x X US KS 0 #365 stdin
x X SP 60  #365 stdin
V5630
s10
f1
H720

n120 0
V5750
s10
f1
H720


h0
s10

f1


x X PI:720:0:4680:32767:a97.ps:295u,1828u,0u,1426u:c:
n120 0
x X SP 295  #1 a97.so
V6045
s10
f1
H720

n120 0


x font 1 R
x font 2 I
x font 3 B
x font 4 BI
x font 5 CW
x font 6 H
x font 7 HI
x font 8 HB
x font 9 S1
x font 10 S
s10

f1

x X SP 60  #365 stdin
x X END US KS #365 stdin


x font 1 R
x font 2 I
x font 3 B
x font 4 BI
x font 5 CW
x font 6 H
x font 7 HI
x font 8 HB
x font 9 S1
x font 10 S
s10

f1

x X SP 36 LP #366 stdin
x X BS 2 LP #366 stdin


x font 1 R
x font 2 I
x font 3 B
x font 4 BI
x font 5 CW
x font 6 H
x font 7 HI
x font 8 HB
x font 9 S1
x font 10 S
s10

f1

x X SP 36 PP #367 stdin
x X BS 2 PP #367 stdin
V6225
s10
f1
H720


h250cT
61h50ew72v50a44l28u50ew72o50fwf5

61s60t60a60r60t60c60h60a60rwf1

88l28o50o50k50sw67r33i28g50h50tw56a44n50dw78p50r33o50b50a44b50l28yw78c44a44m78ew72f33r33o50mwh106ct
28h50ew72d50a44t28aw72s39t28r33u50c44t28u50r33ew72Iw61a44mwh106ca
44f33t28e44r33.w78S56c44r33o50l28l28i28n50gw78b50a44c44kw78an120 0
V6345
s10
f1
H720


cf
33e44ww97l28i28n50e44sw64i28nwf5

75p60a60t60t60e60r60n60.60cwf1

85Iwh58Cfi
56n50dw75a44nw75a44s39s39i28g50n50m78e44n50tw53t28owf5

75s60t60a60r60t60c60h60a60rf1

60:n120 0


x font 1 R
x font 2 I
x font 3 B
x font 4 BI
x font 5 CW
x font 6 H
x font 7 HI
x font 8 HB
x font 9 S1
x font 10 S
s10

f1

x X BT 340 #67 stdin
V7560
s10
f1
H720


c3
504500wh4040cU
72N72I33Xw72 25P56a44p50e44r33swn120 0
x X END BT 340 #67 stdin
V7920
p341


x font 1 R
x font 2 I
x font 3 B
x font 4 BI
x font 5 CW
x font 6 H
x font 7 HI
x font 8 HB
x font 9 S1
x font 10 S
s10

f1

x X PT 341 #86 stdin
V480
s10
f1
H720

x font 0 NI
f0


cp
57iwf1

h4054cT
61h50ew44 25F56e44e44lw28 25o50f33 25P56iwn120 0
x X END PT 341 #86 stdin
V720


x font 1 R
x font 2 I
x font 3 B
x font 4 BI
x font 5 CW
x font 6 H
x font 7 HI
x font 8 HB
x font 9 S1
x font 10 S
s10

f1

x X US KS 0 #375 stdin
x X SP 60  #375 stdin
V720
s10
f1
H720

n120 0
V840
s10
f1
H720


h0
s10

f1


x X PI:720:0:4680:32767:assign.ps:1044u,2491u,0u,1094u:c:
n120 0
x X SP 1044  #1 assign.so
V1951
s10
f1
H720

n120 0


x font 1 R
x font 2 I
x font 3 B
x font 4 BI
x font 5 CW
x font 6 H
x font 7 HI
x font 8 HB
x font 9 S1
x font 10 S
s10

f1

x X SP 60  #375 stdin
x X END US KS #375 stdin


x font 1 R
x font 2 I
x font 3 B
x font 4 BI
x font 5 CW
x font 6 H
x font 7 HI
x font 8 HB
x font 9 S1
x font 10 S
s10

f1

x X SP 36 LP #376 stdin
x X BS 2 LP #376 stdin
V2135
s10
f1
H720

f5


cf
60s60t60a60r60twf1

93m78a44yw83b50ew77t28h50ew77p50o50i28n50t28e44rw66Iw66n50e44e44d50,w58b50u50tw61i28tw61d50o50e44sw72n50o50tw61a44p50p50e44a44rw66i28nwf5

83f60e60x60e60c60u60t60e60(60)f1

60'33sw72m78e44n50u50.w83I33tw61m78u50s39tw61b50ew77aw77g50l28o50b50a44l28.w84R67a44t28h50e44rn120 0
V2255
s10
f1
H720


ct
28h50a44nw75o50p50e44nw75t28h50ew69g50l28o50b50a44lw53e44x50p50r33e44s39s39i28o50nw75e44v50a44l28u50a44t28o50rw58w72i28n50d50o50ww97a44n50dw75l28o50o50kw75i28nw75i28t28sw64m78e44n50u50,w50Iw58e44n50t28e44rw58t28h50ew69e44x50p50r33e44s39s39i28o50nn120 0
x X SP 60 P1 #384 stdin
x X US P1 #384 stdin
V2419
s10
f1
H720

f5

s9


h288cf
54s54t54a54r54tn100 0
x X END US P1 #386 stdin
x X SP 60 P2 #386 stdin
V2603
s9
f5
H720

f1

s10


cf
33r33o50mwh111ct
28h50ew77k50e44y50b50o50a44r33d50,w58w72i28t28hwf5

83f60e60x60e60c60u60t60e60(60)f1

60'33sw72F56r33a44m78ew77w72i28n50d50o50wwh105cs
39e44l28e44c44t28e44dw83a44sw72t28h50ew78t28a44r33g50e44t28.w84T61h50ew78F56r33a44m78ew78w72i28n50d50o50wwh106cn
50o50wwh106cc
44o50n50t28a44i28n50sn120 0
V2723
s10
f1
H720


ct
28w72ow75e44x50p50r33e44s39s39i28o50n50s39:n120 0


x font 1 R
x font 2 I
x font 3 B
x font 4 BI
x font 5 CW
x font 6 H
x font 7 HI
x font 8 HB
x font 9 S1
x font 10 S
s10

f1

x X US KS 0 #392 stdin
x X SP 60  #392 stdin
V2787
s10
f1
H720

n120 0
V2907
s10
f1
H720


h144
s10

f1


x X PI:720:144:4680:32767:typeof.ps:950u,2412u,0u,1134u:c:
n120 0
x X SP 950  #1 typeof.so
V3918
s10
f1
H720

n120 0


x font 1 R
x font 2 I
x font 3 B
x font 4 BI
x font 5 CW
x font 6 H
x font 7 HI
x font 8 HB
x font 9 S1
x font 10 S
s10

f1

x X SP 60  #392 stdin
x X END US KS #392 stdin


x font 1 R
x font 2 I
x font 3 B
x font 4 BI
x font 5 CW
x font 6 H
x font 7 HI
x font 8 HB
x font 9 S1
x font 10 S
s10

f1

x X SP 36 LP #393 stdin
x X BS 2 LP #393 stdin
V4102
s10
f1
H720


cW
94h50a44tw68t28y50p50ew84i28swf5

79f60s60t60a60r60tf1

60?wh109cI
w73c44a44nw90a44l28m78o50s39tw68t28e44l28lw68f33r33o50mwh119ci
28t28sw80m78e44n50u50.w91M89o50s39tw69o50fw74t28h50ew85e44n50t28r33i28e44sw80i28nw91a44nw91e44x50p50r33e44s39s39i28o50n50'33sw80m78e44n50uw91a44r33ew85n50e44wn120 0
V4222
s10
f1
H720


ce
44x50p50r33e44s39s39i28o50n50sw71t28h50a44tw60m78a44yw82b50ew76d50e44r33i28v50e44dw82f33r33o50mwh110ci
28t28.w82T61h50ewf5

76$60-60>f1

60'33sw71t28e44l28lw60m78ew76t28h50a44tw60Iw64h50a44v50ew75aw75p50o50i28n50t28e44rw64t28ow81aw75s39t28r33u50c44t28u50r33e44.w81(33I33nw81t28h50ew75m78e44n50u50,w56a44n50dn120 0
V4342
s10
f1
H720


cf
33r33o50mwh103ct
28h50ew69k50e44y50b50o50a44r33d50,wf5

50$wf1

85d50e44n50o50t28e44sw64t28h50ew69c44u50r33r33e44n50tw53e44x50p50r33e44s39s39i28o50n50.25)w83C67h50o50o50s39i28n50gw75`f5

33t60y60p60e60o60f60 60$f1

60'w58c44o50nh50Cfi
56r33m78sw64i28t28:n120 0


x font 1 R
x font 2 I
x font 3 B
x font 4 BI
x font 5 CW
x font 6 H
x font 7 HI
x font 8 HB
x font 9 S1
x font 10 S
s10

f1

x X US KS 0 #410 stdin
x X SP 60  #410 stdin
V4406
s10
f1
H720

n120 0
V4526
s10
f1
H720


h144
s10

f1


x X PI:720:144:4680:32767:left.ps:763u,2577u,0u,1051u:c:
n120 0
x X SP 763  #1 left.so
V5338
s10
f1
H720

n120 0


x font 1 R
x font 2 I
x font 3 B
x font 4 BI
x font 5 CW
x font 6 H
x font 7 HI
x font 8 HB
x font 9 S1
x font 10 S
s10

f1

x X SP 60  #410 stdin
x X END US KS #410 stdin


x font 1 R
x font 2 I
x font 3 B
x font 4 BI
x font 5 CW
x font 6 H
x font 7 HI
x font 8 HB
x font 9 S1
x font 10 S
s10

f1

x X SP 36 LP #412 stdin
x X BS 2 LP #412 stdin
V5522
s10
f1
H720


cC
67h50o50o50s39i28n50gw75`f5

33$60-60>60l60e60f60tf1

60'33,w50f33o50l28l28o50w72e44dw75b50yw75`f5

33$60-60>60o60pf1

60'33,w50a44n50dw75`f5

33$60-60>60r60i60g60h60tf1

60'w58y50i28e44l28d50s39:n120 0


x font 1 R
x font 2 I
x font 3 B
x font 4 BI
x font 5 CW
x font 6 H
x font 7 HI
x font 8 HB
x font 9 S1
x font 10 S
s10

f1

x X US KS 0 #420 stdin
x X SP 60  #420 stdin
V5586
s10
f1
H720

n120 0
V5706
s10
f1
H720


h0
s10

f1


x X PI:720:0:4680:32767:op.ps:626u,2743u,0u,968u:c:
n120 0
x X SP 626  #1 op.so
V6372
s10
f1
H720

n120 0


x font 1 R
x font 2 I
x font 3 B
x font 4 BI
x font 5 CW
x font 6 H
x font 7 HI
x font 8 HB
x font 9 S1
x font 10 S
s10

f1

x X SP 60  #420 stdin
x X END US KS #420 stdin


x font 1 R
x font 2 I
x font 3 B
x font 4 BI
x font 5 CW
x font 6 H
x font 7 HI
x font 8 HB
x font 9 S1
x font 10 S
s10

f1

x X SP 36 LP #421 stdin
x X BS 2 LP #421 stdin
V6556
s10
f1
H720


cR
67e44f33o50r33m78a44t28t28i28n50gwf5

75f60s60t60a60r60t60-60>60o60pwf1

85i28nw75A72S56C67I33Iw58l28e44a44v50e44s39:n120 0


x font 1 R
x font 2 I
x font 3 B
x font 4 BI
x font 5 CW
x font 6 H
x font 7 HI
x font 8 HB
x font 9 S1
x font 10 S
s10

f1

x X US KS 0 #426 stdin
x X SP 60  #426 stdin
V6620
s10
f1
H720

n120 0
V6740
s10
f1
H720


h144
s10

f1


x X PI:720:144:4680:32767:star.ps:432u,2325u,0u,1177u:c:
n120 0
x X SP 432  #1 star.so
V7200
s10
f1
H720

n120 0


x font 1 R
x font 2 I
x font 3 B
x font 4 BI
x font 5 CW
x font 6 H
x font 7 HI
x font 8 HB
x font 9 S1
x font 10 S
s10

f1

x X SP 60  #426 stdin
x X END US KS #426 stdin


x font 1 R
x font 2 I
x font 3 B
x font 4 BI
x font 5 CW
x font 6 H
x font 7 HI
x font 8 HB
x font 9 S1
x font 10 S
s10

f1

x X SP 36 LP #427 stdin
x X BS 2 LP #427 stdin


x font 1 R
x font 2 I
x font 3 B
x font 4 BI
x font 5 CW
x font 6 H
x font 7 HI
x font 8 HB
x font 9 S1
x font 10 S
s10

f1

x X SP 36 LP #429 stdin


x font 1 R
x font 2 I
x font 3 B
x font 4 BI
x font 5 CW
x font 6 H
x font 7 HI
x font 8 HB
x font 9 S1
x font 10 S
s10

f1

x X BT 341 #86 stdin
V7560
s10
f1
H720


cR
67e44s39e44a44r33c44h50 25T61e44n50t28h50 25E61d50i28t28i28o50nwh3637c3
504501wn120 0
x X END BT 341 #86 stdin
V7920
p342


x font 1 R
x font 2 I
x font 3 B
x font 4 BI
x font 5 CW
x font 6 H
x font 7 HI
x font 8 HB
x font 9 S1
x font 10 S
s10

f1

x X PT 342 #90 stdin
V480
s10
f1
H720


cT
61h50ew44 25F56e44e44lw28 25o50fw33 25P56iwx font 0 NI
f0

h4049cp
57iwn120 0
x X END PT 342 #90 stdin
V720
x X BS 2 LP #429 stdin
V840
s10
f1
H720


cS
56ow83h50e44r33ew77i28sw72s39o50m78ew77k50i28n50dw83o50fw66t28r33e44e44,w58w72h50e44r33ew77a44nw84o50p50e44r33a44t28o50rw67c44o50d50ew78l28e44s39sw73t28h50a44nw84o50c44t28a44lw622500500w84i28sw73t28ow84m78a44t28c44hw84i28t28sw73o50w72nw84v50a44l28u50ew78i28nw84t28h50ew78s39c44a44n50n50e44dn120 0
V960
s10
f1
H720


ct
28e44x50t28.w75T61h50ew69l28e44f33tw53s39u50b50-33t28r33e44ew69i28sw64e44m78p50t28y50;w53t28h50ew69r33i28g50h50tw53l28o50o50k50sw64p50r33o50m78i28s39i28n50g50.w75D72e44r33e44f33e44r33e44n50c44i28n50gw75w72i28t28hw75`f5

33*60 60$f1

60'w58y50i28e44l28d50s39:n120 0


x font 1 R
x font 2 I
x font 3 B
x font 4 BI
x font 5 CW
x font 6 H
x font 7 HI
x font 8 HB
x font 9 S1
x font 10 S
s10

f1

x X US KS 0 #438 stdin
x X SP 60  #438 stdin
V1021
s10
f1
H720

n120 0
V1141
s10
f1
H720


h144
s10

f1


x X PI:720:144:4680:32767:right.ps:777u,2743u,0u,968u:c:
n120 0
x X SP 777  #1 right.so
V1931
s10
f1
H720

n120 0


x font 1 R
x font 2 I
x font 3 B
x font 4 BI
x font 5 CW
x font 6 H
x font 7 HI
x font 8 HB
x font 9 S1
x font 10 S
s10

f1

x X SP 60  #438 stdin
x X END US KS #438 stdin
V2112
s10
f1
H720


cT
61h50ewf5

85l60e60f60twf1

h101Cfi
56e44l28dw91o50fwf5

74f60s60t60a60r60t60-60>60r60i60g60h60twf1

h101ci
28sw80e44q50u50a44lw69t28owf5

91f60s60t60a60r60twf1

h101ci
28t28s39e44l28f33;w69m78a44y50b50ew85t28h50i28sw81i28sw81aw86d50o50u50b50l28y50-33l28i28n50k50e44dw92l28i28s39t28.w92A72p50p50l28y50i28n50gn120 0
V2232
s10
f1
H720


c`
f5

33$60-60>60r60i60g60h60tf1

60'w58t28owf5

75f60s60t60a60r60t60-60>60r60i60g60h60tf1

60,w50Iw58g50e44t28:n120 0


x font 1 R
x font 2 I
x font 3 B
x font 4 BI
x font 5 CW
x font 6 H
x font 7 HI
x font 8 HB
x font 9 S1
x font 10 S
s10

f1

x X US KS 0 #452 stdin
x X SP 60  #452 stdin
V2293
s10
f1
H720

n120 0
V2413
s10
f1
H720


h0
s10

f1


x X PI:720:0:4680:32767:rr.ps:604u,2412u,0u,1134u:c:
n120 0
x X SP 604  #1 rr.so
V3027
s10
f1
H720

n120 0


x font 1 R
x font 2 I
x font 3 B
x font 4 BI
x font 5 CW
x font 6 H
x font 7 HI
x font 8 HB
x font 9 S1
x font 10 S
s10

f1

x X SP 60  #452 stdin
x X END US KS #452 stdin


x font 1 R
x font 2 I
x font 3 B
x font 4 BI
x font 5 CW
x font 6 H
x font 7 HI
x font 8 HB
x font 9 S1
x font 10 S
s10

f1

x X SP 36 LP #453 stdin
x X BS 2 LP #453 stdin
V3208
s10
f1
H720


cI
w58a44l28r33e44a44d50yw75k50n50o50ww97t28h50i28s39,w50b50u50tw53a44p50p50l28y50i28n50gw75`f5

33*60 60$f1

60'w58p50r33o50d50u50c44e44sw64(33s39h50o50w72i28n50gwf2

75p50if1

28'33sw64e44n50t28i28r33ew69l28a44y50e44rw58f33o50rw58t28h50ewh69Cfi
56r33s39tw53t28i28m78e44)33:n120 0


x font 1 R
x font 2 I
x font 3 B
x font 4 BI
x font 5 CW
x font 6 H
x font 7 HI
x font 8 HB
x font 9 S1
x font 10 S
s10

f1

x X US KS 0 #457 stdin
x X SP 60  #457 stdin
V3269
s10
f1
H720

n120 0
V3389
s10
f1
H720


h0
s10

f1


x X PI:720:0:4680:32767:thelast.ps:1728u,3650u,0u,515u:c:
n120 0
x X SP 1728  #1 thelast.so
V5145
s10
f1
H720

n120 0


x font 1 R
x font 2 I
x font 3 B
x font 4 BI
x font 5 CW
x font 6 H
x font 7 HI
x font 8 HB
x font 9 S1
x font 10 S
s10

f1

x X SP 60  #457 stdin
x X END US KS #457 stdin


x font 1 R
x font 2 I
x font 3 B
x font 4 BI
x font 5 CW
x font 6 H
x font 7 HI
x font 8 HB
x font 9 S1
x font 10 S
s10

f1

x X SP 36 LP #458 stdin
x X BS 2 LP #458 stdin
V5326
s10
f1
H720


cN
72o50t28ew84t28h50a44tw68t28h50ew85v50a44l28u50ew85o50fw74t28h50ewf5

85o60pwf1

h101Cfi
56e44l28dw91f33o50rw74t28h50ew85c44u50r33r33e44n50tw69e44x50p50r33e44s39s39i28o50nw91i28sw80d50i28s39p50l28a44y50e44dw91i28nw91A72S56C67I33Iw74a44sw80`f5

33bf1

60'33.w91T61h50ew85A72S56C67I33Iw74f33o50r33m78a44tn120 0
V5446
s10
f1
H720


ce
44x50p50l28i28c44i28t28l28yw79r33e44q50u50e44s39t28e44dw79f33o50rw62t28h50a44twh57Cfi
56e44l28dw79e44a44r33l28i28e44rw62w72a44sw68s39a44v50e44dw79i28nw79t28h50ew73s39y50m78b50o50lw57t28a44b50l28ew73a44n50dw79i28sw68n50o50wwh100ct
28h50ew72d50e44f33a44u50l28t28.w78T61h50ewf5

72l60e60f60twf1

88p50o50i28n50t28e44rw61i28sn120 0
V5566
s10
f1
H720


cz
44e44r33ow83h50e44r33e44.w83I33tw61n50o50wwh105cl
28o50o50k50sw72a44sw72t28h50o50u50g50hwf5

83l60e60f60twf1

93p50o50i28n50t28sw72b50a44c44kw83t28ow83t28h50ew78b50e44g50i28n50n50i28n50gw84o50fw67t28h50ew78s39u50b50-33p50a44t28t28e44r33nw84c44o50n50t28r33o50l28l28e44dw84b50yw84t28h50ew78c44l28o50s39u50r33en120 0
V5686
s10
f1
H720


co
50p50e44r33a44t28o50r33.n120 0


x font 1 R
x font 2 I
x font 3 B
x font 4 BI
x font 5 CW
x font 6 H
x font 7 HI
x font 8 HB
x font 9 S1
x font 10 S
s10

f1

x X SP 36 PP #472 stdin
x X BS 2 PP #472 stdin
V5843
s10
f1
H720


h250cL
61e44tw59m78ew75s39t28o50pw81h50e44r33e44.w81Iw64h50a44v50ew75s39t28a44r33t28e44dw81t28ow82u50n50r33a44v50e44lw60t28h50ew76d50a44t28aw76s39t28r33u50c44t28u50r33ew76a44n50dw82u50n50d50e44r33s39t28a44n50dw82t28h50ew76p50r33o50g50r33a44m78.w82Iw65h50o50p50ew76t28h50i28sw71p50a44p50e44rn120 0
V5963
s10
f1
H720


cd
50e44s39c44r33i28p50t28i28o50nw75c44o50n50v50e44y50sw64s39o50m78e44t28h50i28n50gw75o50fw58t28h50ew69f33e44e44lw53o50fwf2

58p50if1

28.n120 0


x font 1 R
x font 2 I
x font 3 B
x font 4 BI
x font 5 CW
x font 6 H
x font 7 HI
x font 8 HB
x font 9 S1
x font 10 S
s10

f1

x X NE 360 SH 	 #476 stdin
x X SP 120 SH #476 stdin
V6205
s10
f1
H720

f3


cP
61r44o50g50r44a50m83m83e44rw69R72e44a50c44t33i28o50nn120 0


x font 1 R
x font 2 I
x font 3 B
x font 4 BI
x font 5 CW
x font 6 H
x font 7 HI
x font 8 HB
x font 9 S1
x font 10 S
s10

f1

x X SP 36 PP #478 stdin
x X BS 2 PP #478 stdin
V6362
s10
f1
H720


h250cM
89o50s39tw55p50r33o50g50r33a44m78m78e44r33sw66t28a44k50ew71s39o50m78e44w72h50e44r33ew71f33r33o50mwh105ca
w71f33e44ww99h50o50u50r33sw66t28ow77aw71f33e44ww99d50a44y50sw66t28ow77m78a44k50ew71t28h50ew71t28r33a44n50s39i28t28i28o50nw77f33r33o50mwh106cd
50r33o50w72n50i28n50gw78i28nw78an120 0
V6482
s10
f1
H720


cs
39e44aw70o50fw59w72i28n50d50o50w72sw65t28ow76c44o50n50s39i28d50e44r33i28n50gwf2

76p50iwf1

54a44nw76i28n50d50i28s39p50e44n50s39a44b50l28ew70t28o50o50l28.w76A72tw54t28h50ew70o50u50t28s39e44t28,w50t28h50e44yw75d50ow75n50o50tw53e44x50p50e44c44tw53d50y50n50a44m78i28cw69b50i28n50d50i28n50gw75t28ow75s39u50b50j28e44c44tn120 0
V6602
s10
f1
H720


cp
50r33o50c44e44s39s39e44sw79a44n50dw90c44a44n50n50o50tw68s39e44ew85w72h50yw91t28h50e44r33ew85a44r33ew85s39ow91m78a44n50yw91w72i28n50d50o50w72s39.w91I33n50v50o50k50i28n50gw91aw85d50e44b50u50g50g50e44rw74w72i28t28h50o50u50tw69s39p50e44c44i28f33y50i28n50gw91aw85d50u50m78pw91o50rn120 0
V6722
s10
f1
H720


cp
50r33o50g50r33a44mwh105ci
28sw66aw71f33o50r33e44i28g50nw77n50o50t28i28o50n50.w77E61x50p50e44c44t28a44t28i28o50n50sw66o50fw60aw71d50e44b50u50g50g50e44rw59a44r33ew70v50e44r33yw76l28o50w72:w54`33`33Iw59o50n50l28yw76w72a44n50tw54t28h50ew70v50a44l28u50ew70o50fwf2

59xwf1

78w72h50e44nwf2

76f28(33)wf1

67i28sw65c44a44l28l28e44dn120 0
V6842
s10
f1
H720


C\-
w75w72h50yw75a44l28lw53t28h50ew69w72i28n50d50o50w72s39?44'33'w84W94i28t28hw76i28n50c44r33e44a44s39e44dw76c44o50nh50Cfi
56d50e44n50c44ew70a44n50dw76a44m78b50i28t28i28o50nw76t28h50e44yw76u50s39ewf2

70p50iwf1

54w72i28t28hw76m78o50r33ew70s39o50p50h50i28s39t28i28c44a44t28i28o50n50.w76S56t28y50l28e44sw65v50a44r33yn120 0
V6962
s10
f1
H720


cc
44o50n50s39i28d50e44r33a44b50l28y50.w99E61a44c44hw99p50r33o50g50r33a44m78m78e44rw81u50s39e44sw87i28d50i28o50s39y50n50c44r33a44t28i28cw92s39i28z44e44s39,w73s39h50a44p50e44sw87a44n50dw98p50l28a44c44e44m78e44n50t28sw87o50fw81w72i28n50d50o50w72s39,w73e44s39p50e44c44i28a44l28l28yw98w72h50e44nn120 0
V7082
s10
f1
H720


cd
50e44b50u50g50g50i28n50gw76m78u50l28t28i28p50l28ew70p50r33o50c44e44s39s39e44s39.w76S56o50m78ew70p50r33e44f33e44rw59t28ow76e44n50t28e44rw59m78o50s39tw54o50fw60t28h50e44i28rw60e44x50p50r33e44s39s39i28o50n50sw66f33r33o50mwh105ct
28h50ew71k50e44y50b50o50a44r33d50,w52o50t28h50e44r33sw66n50e44v50e44rw60t28o50u50c44hn120 0
V7202
s10
f1
H720


ci
28t28.n120 0


x font 1 R
x font 2 I
x font 3 B
x font 4 BI
x font 5 CW
x font 6 H
x font 7 HI
x font 8 HB
x font 9 S1
x font 10 S
s10

f1

x X SP 36 PP #496 stdin


x font 1 R
x font 2 I
x font 3 B
x font 4 BI
x font 5 CW
x font 6 H
x font 7 HI
x font 8 HB
x font 9 S1
x font 10 S
s10

f1

x X BT 342 #90 stdin
V7560
s10
f1
H720


c3
504502wh4040cU
72N72I33Xw72 25P56a44p50e44r33swn120 0
x X END BT 342 #90 stdin
V7920
p343


x font 1 R
x font 2 I
x font 3 B
x font 4 BI
x font 5 CW
x font 6 H
x font 7 HI
x font 8 HB
x font 9 S1
x font 10 S
s10

f1

x X PT 343 #92 stdin
V480
s10
f1
H720

x font 0 NI
f0


cp
57iwf1

h4054cT
61h50ew44 25F56e44e44lw28 25o50f33 25P56iwn120 0
x X END PT 343 #92 stdin
V720
x X BS 2 PP #496 stdin
V840
s10
f1
H720


h250cT
61h50e44r33ew75a44r33ew75t28w72ow82m78a44i28nw82p50r33o50b50l28e44m78s39.w82F56i28r33s39t28,w57b50i28n50d50i28n50gwf2

82p50iwf1

60t28ow82s39u50b50j28e44c44tw60p50r33o50c44e44s39s39e44sw71i28sw71t28o50ow82c44o50m78p50l28i28c44a44t28e44dw82f33o50rw65n50o50v50i28c44e44s39.w82E61x50p50e44r33t28sn120 0
V960
s10
f1
H720


cd
50e44m78a44n50dw98m78a44n50yw98s39p50e44c44i28a44lw76f33a44c44i28l28i28t28i28e44s39,w72w72h50i28c44hw97h50a44v50ew91b50e44e44nw97a44l28l28o50w72e44dw97t28ow97c44o50m78p50l28i28c44a44t28ew91w72h50a44tw75t28h50ew91n50o50v50i28c44ew91e44n50c44o50u50n50t28e44r33s39.w97S56e44c44o50n50d50,n120 0
V1080
s10
f1
H720


cd
50e44m78a44n50dw76f33o50rw59p50r33o50g50r33a44m78m78a44b50l28ew71d50e44b50u50g50g50i28n50gw77i28sw66g50r33o50w72i28n50gw77a44m78o50n50gw77t28h50ew71e44x50p50e44r33tw55u50s39e44r33s39.w77P56r33o50g50r33a44m78m78a44b50i28l28i28t28yw77w72a44sw66e44x50c44l28u50d50e44dw77f33r33o50mwf2

h105cp
50iwf1

55i28nn120 0
V1200
s10
f1
H720


co
50r33d50e44rw64t28ow81c44o50n50c44e44n50t28r33a44t28ew75o50nw81i28n50t28e44r33a44c44t28i28v50ew75b50e44h50a44v50i28o50r33.wf2

81P61iwf1

59d50o50e44sw70h50a44v50ew75`33`33s39p50y50'33'w64e44x50p50r33e44s39s39i28o50n50s39,w55w72h50i28c44hw80r33e44-33d50i28s39p50l28a44yw80t28h50e44m78s39e44l28v50e44sw69i28fw63t28h50e44i28rn120 0
V1320
s10
f1
H720


cv
50a44l28u50e44sw99c44h50a44n50g50e44,w85a44n50dwh110cc
44o50n50d50i28t28i28o50n50a44lw88b50r33e44a44k50p50o50i28n50t28s39,w85b50u50tw88i28tw88i28sw99n50o50tw88p50r33o50g50r33a44m78m78a44b50l28e44,w85s39a44y50,w85t28owh110cs
39t28e44pwh110c1
500wh110ci
28n50s39t28r33u50c44t28i28o50n50swh100ca
44f33t28e44rn120 0
V1440
s10
f1
H720


ce
44n50c44o50u50n50t28e44r33i28n50gw75aw69b50r33e44a44k50p50o50i28n50t28.w75I33tw53i28sw64n50o50ww97t28i28m78ew69t28ow75t28h50i28n50kw75a44b50o50u50tw53h50o50ww97p50r33o50g50r33a44m78m78a44b50i28l28i28t28yw75a44n50dw75i28n50t28e44r33a44c44t28i28o50nw75c44a44nw75b50ew69c44o50m78b50i28n50e44d50.n120 0


x font 1 R
x font 2 I
x font 3 B
x font 4 BI
x font 5 CW
x font 6 H
x font 7 HI
x font 8 HB
x font 9 S1
x font 10 S
s10

f1

x X NE 360 SH 	 #508 stdin
x X SP 120 SH #508 stdin
V1721
s10
f1
H720

f3


cA
72s39y50n56c44h56r44o50n56o50u56sw64M94u56l28t33i28p56l28ew69P61r44o50c44e44s39s39e44sn120 0


x font 1 R
x font 2 I
x font 3 B
x font 4 BI
x font 5 CW
x font 6 H
x font 7 HI
x font 8 HB
x font 9 S1
x font 10 S
s10

f1

x X SP 36 PP #510 stdin
x X BS 2 PP #510 stdin
V1889
s10
f1
H720


h250cA
72nwh104ca
44r33b50i28t28r33a44r33ywh104cs
39e44tw82o50fw87p50r33o50c44e44s39s39e44sw93m78a44ywh104cb
50ew98e44x50a44m78i28n50e44dwh104cs
39i28m78u50l28t28a44n50e44o50u50s39l28y50.wh104cF
56o50rw88e44a44c44hwh105cs
39u50b50j28e44c44tw83p50r33o50c44e44s39sw94t28h50e44r33ew99i28sw94a44nn120 0
V2009
s10
f1
H720


ci
28n50d50e44p50e44n50d50e44n50tw63n50e44t28w72o50r33kw85o50fw68w72i28n50d50o50w72s39.w85S56i28n50c44ew79a44l28lw63t28h50ew79w72i28n50d50o50w72sw74a44r33ew79i28nw85awh79Cfl
56a44tw63s39p50a44c44ew79o50nw85t28h50ew78s39c44r33e44e44n50,w59e44a44c44hw84s39u50c44c44e44s39s39i28v50ew78a44c44t28i28o50nn120 0
V2129
s10
f1
H720


cf
33r33o50mwh121ct
28h50ew87p50r33o50g50r33a44m78m78e44rw76m78a44yw93b50ew87i28nw93a44nw93a44n50yw93w72i28n50d50o50w72,w68a44s39s39o50c44i28a44t28e44dw93w72i28t28hw93a44nw93a44n50yw93p50r33o50c44e44s39s39.w93E61v50e44n50t28sw82i28nw93t28h50ew87s39e44tw71o50fw77s39u50b50j28e44c44tn120 0
V2249
s10
f1
H720


cp
50r33o50c44e44s39s39e44sw90a44r33ew95r33e44p50o50r33t28e44dwh101ca
44sw90t28h50e44ywh100co
50c44c44u50r33.wh100cF
56o50rw83e44x50a44m78p50l28e44,w75t28h50ew94p50r33o50g50r33a44m78m78e44rw83m78i28g50h50tw78s39t28e44pwh100cs
39o50u50r33c44ew94s39t28a44t28e44m78e44n50t28sw89a44l28t28e44r33n50a44t28e44l28yn120 0
V2369
s10
f1
H720


cb
50e44t28w72e44e44nw98aw92p50a44i28rw81o50fw81p50r33o50c44e44s39s39e44sw87w72h50i28l28ew92w72a44t28c44h50i28n50gw99t28h50ew93c44h50a44n50g50i28n50gw99v50a44l28u50e44sw88o50fw82s39p50yw99e44x50p50r33e44s39s39i28o50n50sw88i28nw99aw93t28h50i28r33dw99p50r33o50c44e44s39s39.w99T61h50i28sn120 0
V2489
s10
f1
H720


cs
39i28m78p50l28ih28Cfi
56e44swh110cd
50e44b50u50g50g50i28n50gwh121cs
39i28t28u50a44t28i28o50n50swh110ct
28h50a44tw99w72e44r33ewh115cd
50i28fh33Cfi
56c44u50l28tw99o50rwh104ci
28m78p50o50s39s39i28b50l28ewh115ci
28nwh121ct
28h50ewh114cp
50a44s39t28.wh120cF
56o50rwh103ce
44x50a44m78p50l28e44,w95i28tw98b50e44c44o50m78e44sn120 0
V2609
s10
f1
H720


cs
39t28r33a44i28g50h50t28f33o50r33w72a44r33dw77t28ow77(33i28)w60c44o50m78p50a44r33ew71t28h50ew71b50e44h50a44v50i28o50rw60o50fw60t28w72ow77s39i28m78i28l28a44rw61p50r33o50g50r33a44m78s39;w56(33i28i28)w61c44o50m78p50a44r33ew72t28h50ew72e44f33f33e44c44t28sw67o50fw61d50i28f33f33e44r33e44n50tw56i28n50p50u50t28sw67o50nw78an120 0
V2729
s10
f1
H720


cs
39i28n50g50l28ew69p50r33o50g50r33a44m78;w53(33i28i28i28)w58o50b50s39e44r33v50ew69t28h50ew69i28n50t28e44r33a44c44t28i28o50nw75b50e44t28w72e44e44nw75r33e44l28a44t28e44dw75p50r33o50c44e44s39s39e44s39,w50s39a44yw75c44h50i28l28dw75a44n50dw75p50a44r33e44n50t28.n120 0


x font 1 R
x font 2 I
x font 3 B
x font 4 BI
x font 5 CW
x font 6 H
x font 7 HI
x font 8 HB
x font 9 S1
x font 10 S
s10

f1

x X NE 360 SH 	 #526 stdin
x X SP 120 SH #526 stdin
V3010
s10
f1
H720

f3


cI
39m83p56l28e44m83e44n56t33a50t33i28o50nn120 0


x font 1 R
x font 2 I
x font 3 B
x font 4 BI
x font 5 CW
x font 6 H
x font 7 HI
x font 8 HB
x font 9 S1
x font 10 S
s10

f1

x X SP 36 PP #528 stdin
x X BS 2 PP #528 stdin
V3178
s10
f1
H720

f2


h250cP
61iwf1

53d50e44p50e44n50d50sw64o50nw75t28h50ew69R67e44s39e44a44r33c44hws9

73U65N65I30Xs10

65'33swf5

64/60p60r60o60cwf1

85[33250]33,w50[33150]33,w50a44n50dw75o50b50j28e44c44t28-33o50r33i28e44n50t28e44dw75p50r33o50g50r33a44m78m78i28n50gw75i28nw75C67+56+w81[33450]33.n120 0


x font 1 R
x font 2 I
x font 3 B
x font 4 BI
x font 5 CW
x font 6 H
x font 7 HI
x font 8 HB
x font 9 S1
x font 10 S
s10

f1

x X SP 36 PP #535 stdin
x X BS 2 PP #535 stdin
V3346
s10
f1
H720

f5


h250c/
60p60r60o60cwf1

95p50e44r33m78i28t28swf2

74p50iwf1

63t28ow85b50i28n50dw85i28t28s39e44l28fw68d50y50n50a44m78i28c44a44l28l28yw85t28ow85a44n50yw85p50r33o50c44e44s39s39e44s39,w61a44n50dw86e44x50e44c44u50t28ew80a44s39y50n50c44h50r33o50n50o50u50s39l28yw86w72i28t28hw86t28h50e44m78.w86F56o50rn120 0
V3466
s10
f1
H720


ce
44a44c44hw76p50r33o50c44e44s39s39,wf2

51p50iwf1

54c44a44nw76t28e44l28lw54t28h50ew70k50e44r33n50e44lw54h50o50ww98t28ow76h50a44n50d50l28ew70a44nwf2

76e44x44e44c44(33)wf1

67b50yw76t28h50ew69p50r33o50c44e44s39sw64a44n50dw75s39i28g50n50a44l28sw64r33e44c44e44i28v50e44dw75f33r33o50mwh103co
50t28h50e44rw58p50r33o50c44e44s39s39e44s39.n120 0
V3586
s10
f1
H720


cA
wh111cb
50r33e44a44k50p50o50i28n50tw67i28nw89c44o50d50ew83e44x50e44c44u50t28e44dw89b50yw89aw83c44h50i28l28dw89o50fw73aw84s39u50b50j28e44c44tw68p50r33o50c44e44s39sw79s39u50s39p50e44n50d50sw79t28h50ew84c44h50i28l28dw90s39ow90t28h50a44tw68i28tw68m78a44yw90b50ew84o50p50e44n50e44dw90a44n50dn120 0
V3706
s10
f1
H720


ce
44x50a44m78i28n50e44d50.w75C67o50d50ew69s39h50a44r33i28n50gw75i28sw64m78a44n50a44g50e44dw75t28r33a44n50s39p50a44r33e44n50t28l28yw75b50ywf5

75/60p60r60o60cf1

60.n120 0


x font 1 R
x font 2 I
x font 3 B
x font 4 BI
x font 5 CW
x font 6 H
x font 7 HI
x font 8 HB
x font 9 S1
x font 10 S
s10

f1

x X SP 36 PP #546 stdin
x X BS 2 PP #546 stdin
V3874
s10
f1
H720


h250cT
61h50ew71b50r33o50w72s39i28n50gw77a44n50dw77a44s39y50n50c44h50r33o50n50yw77a44r33ew71d50r33i28v50e44nw77b50yw77o50b50j28e44c44t28-33o50r33i28e44n50t28e44dw78p50r33o50g50r33a44m78m78i28n50gw78i28nw78C67+56+56.w78Awh100cl
28a44r33g50ew72h50o50s39tw56C67+56+w84p50r33o50g50r33a44mn120 0
V3994
s10
f1
H720


cc
44o50m78m78u50n50i28c44a44t28e44sw65w72i28t28hw76aw70s39m78a44l28lw545506502500w76Cw93p50r33o50g50r33a44m78.w76E61v50e44r33y50t28h50i28n50gw76t28h50ew70p50r33o50g50r33a44m78m78e44rw59c44a44nw76i28d50e44n50t28i28f33yw76o50nw76t28h50ew70s39c44r33e44e44nw76i28sw65aw69C67+56+w81o50b50j28e44c44t28,n120 0
V4114
s10
f1
H720


ca
44nw77i28n50s39t28a44n50c44ew71o50fw60aw71c44l28a44s39s39.w77T61h50ew71h50o50s39tw55p50r33o50g50r33a44mwh105cb
50i28n50d50sw66a44nw77o50b50j28e44c44tw55i28d50e44n50t28ih28Cfi
56e44rw60(33w72h50i28c44hw77c44a44nw77b50ew71t28h50o50u50g50h50tw55o50fw61a44sw67aw72h50o50s39tw56a44d50d50r33e44s39s39)w61a44n50dw78an120 0
V4234
s10
f1
H720


cm
78e44n50uw77o50fw60o50p50e44r33a44t28i28o50n50sw65t28ow76e44a44c44hw76w72i28n50d50o50ww98a44n50dw76e44a44c44hw76l28i28n50ew70o50fw59t28e44x50tw54a44sw65i28tw54d50e44s39c44r33i28b50e44sw65t28h50e44mwh104ct
28ow76t28h50ew70t28e44r33m78i28n50a44l28.w76W94h50e44nw76t28h50ew70p50r33o50g50r33a44m78m78e44rn120 0
V4354
s10
f1
H720


cs
39e44l28e44c44t28sw68a44nw79o50p50e44r33a44t28i28o50nw79f33r33o50mwh107ca
w73m78e44n50uw79a44s39s39o50c44i28a44t28e44dw79w72i28t28hw79a44nw79o50b50j28e44c44t28'33sw68i28m78a44g50e44,w54t28h50ew73t28e44r33m78i28n50a44lw57s39e44n50d50sw68b50a44c44kw79aw74r33e44m78o50t28ew74i28n50v50o50c44a44t28i28o50nw80o50fn120 0
V4474
s10
f1
H720


co
50n50ew77o50fw66t28h50ew77o50b50j28e44c44t28'33sw72m78e44m78b50e44rw66f33u50n50c44t28i28o50n50s39.w83G72e44n50e44r33a44l28l28y50,w58e44x50e44c44u50t28i28n50gw83t28h50i28sw72f33u50n50c44t28i28o50nw82c44r33e44a44t28e44s39,w57c44h50a44n50g50e44sw71o50rw65r33e44m78o50v50e44sw71h50o50s39tw60o50b50j28e44c44t28sn120 0
V4594
s10
f1
H720


ca
44n50dw79t28h50e44i28rw62i28m78a44g50e44sw68i28nw80t28h50ew74t28e44r33m78i28n50a44l28.w80H72o50s39t28-33t28e44r33m78i28n50a44lw58c44o50m78m78u50n50i28c44a44t28i28o50nw80i28sw69a44s39y50n50c44h50r33o50n50o50u50s39;w58t28h50ew74p50r33o50g50r33a44m78m78e44rw63n50e44e44dw80n50o50tw58w72a44i28tw58f33o50rn120 0
V4714
s10
f1
H720


cr
33e44s39u50l28t28sw69t28ow80a44p50p50e44a44rw63o50nw80t28h50ew74s39c44r33e44e44nw80b50e44f33o50r33ew74i28s39s39u50i28n50gw79a44n50o50t28h50e44rw62o50p50e44r33a44t28i28o50n50.w79T61h50e44r33ew73i28sw68n50ow79a44m78b50i28g50u50i28t28yw79i28nw79t28h50i28sw68`33`33m78o50u50s39e44-33a44h50e44a44d50'33'33;w57t28h50en120 0
V4834
s10
f1
H720


ci
28d50e44n50t28i28t28yw89o50fw72t28h50ew83o50b50j28e44c44tw67o50nw89w72h50i28c44hw90aw84m78e44n50uw90o50p50e44r33a44t28e44sw79i28sw79f33r33o50z44e44nw90w72h50e44nw90t28h50ew84m78e44n50uw90i28sw79r33a44i28s39e44d50.w90Awh112cc
44r33u50d50ew84o50b50j28e44c44tw68r33e44g50i28s39t28r33a44t28i28o50nn120 0
V4954
s10
f1
H720


cs
39c44h50e44m78ew69i28nw75t28h50ew69h50o50s39tw53d50e44t28e44c44t28sw64(33w72i28t28hw75h50i28g50hw75p50r33o50b50a44b50i28l28i28t28y50)w58a44n50dw75i28g50n50o50r33e44sw64o50p50e44r33a44t28i28o50n50sw64f33o50rw58o50b50j28e44c44t28sw64t28h50a44tw53h50a44v50ew69b50e44e44nw75d50e44s39t28r33o50y50e44d50.n120 0


x font 1 R
x font 2 I
x font 3 B
x font 4 BI
x font 5 CW
x font 6 H
x font 7 HI
x font 8 HB
x font 9 S1
x font 10 S
s10

f1

x X NE 360 SH 	 #565 stdin
x X SP 120 SH #565 stdin
V5235
s10
f1
H720

f3


cC
72o50n56c44l28u56s39i28o50nn120 0


x font 1 R
x font 2 I
x font 3 B
x font 4 BI
x font 5 CW
x font 6 H
x font 7 HI
x font 8 HB
x font 9 S1
x font 10 S
s10

f1

x X SP 36 PP #567 stdin
x X BS 2 PP #567 stdin
V5403
s10
f1
H720

f2


h250cP
61if1

28'33sw72e44a44s39yw83a44c44c44e44s39sw72t28ow83i28n50f33o50r33m78a44t28i28o50nw84a44b50o50u50tw62a44r33b50i28t28r33a44r33yw84p50r33o50c44e44s39s39e44sw73h50a44sw73m78a44d50ew78p50r33o50g50r33a44m78m78e44r33sw73m78o50r33ew78s39o50p50h50i28s39t28i28c44a44t28e44dw84i28nw84t28h50e44i28rn120 0
V5523
s10
f1
H720


cd
50e44b50u50g50g50i28n50gw83p50r33a44c44t28i28c44e44s39.w83P56r33o50g50r33a44m78m78e44r33sw72w72o50r33k50i28n50gw83w72i28t28hw83l28a44r33g50ew77p50r33o50g50r33a44m78sw71w72r33i28t28t28e44nw82b50yw82o50t28h50e44r33sw71a44r33ew76h50a44p50p50i28e44r33.w82P56r33o50g50r33a44m78m78e44r33sw71w72h50on120 0
V5643
s10
f1
H720


cw
72o50u50l28dw85n50o50tw63n50o50r33m78a44l28l28yw85r33e44a44dw85a44s39s39e44m78b50l28yw86c44o50d50ew80c44a44nw86s39o50m78e44t28i28m78e44sw75s39p50o50tw64c44o50d50ew80g50e44n50e44r33a44t28i28o50nw86b50u50g50sw75i28nw86t28h50ew80c44o50m78p50i28l28e44r33.w86P56r33o50g50r33a44m78m78e44r33sn120 0
V5763
s10
f1
H720


cw
72i28t28hw84f33a44m78i28l28i28e44sw73o50fw67i28n50t28e44r33a44c44t28i28n50gw84p50r33o50c44e44s39s39e44sw73h50a44v50ew78aw78h50a44n50d50l28ew78o50nw84t28h50e44m78.w84I33nw84g50e44n50e44r33a44l28,w59p50r33o50g50r33a44m78m78e44r33sw73u50n50d50e44r33s39t28a44n50dw84t28h50e44i28rw66p50r33o50g50r33a44m78sn120 0
V5883
s10
f1
H720


cb
50e44t28t28e44r33.n120 0


x font 1 R
x font 2 I
x font 3 B
x font 4 BI
x font 5 CW
x font 6 H
x font 7 HI
x font 8 HB
x font 9 S1
x font 10 S
s10

f1

x X NE 360 SH 	 #575 stdin
x X SP 120 SH #575 stdin
V6164
s10
f1
H720

f3


cR
72e44f33e44r44e44n56c44e44sn120 0


x font 1 R
x font 2 I
x font 3 B
x font 4 BI
x font 5 CW
x font 6 H
x font 7 HI
x font 8 HB
x font 9 S1
x font 10 S
s10

f1

x X SP 36 LP #577 stdin
x X BS 2 LP #577 stdin


x font 1 R
x font 2 I
x font 3 B
x font 4 BI
x font 5 CW
x font 6 H
x font 7 HI
x font 8 HB
x font 9 S1
x font 10 S
s10

f1

x X SP 36 LP #579 stdin
x X BS 2 LP #579 stdin
V6332
s10
f1
H720


h100c1
50.25 25H72u50m78e44,w57A72.25G72.w57a44n50dw82M89c44I33l28r33o50y50,w58M89.25D72.25,w58E61d50s39.wf2

83U72n50i28xw77P61r39o50g50r39a50m72m72e44r39'33sw72M83a50n50u50a50l28,w58T56e44n50t28hw83E61d50i28t28i28o50nf1

50.w83A72T61&78Tw94B67e44l28lw61L61a44b50o50r33a44t28o50r33i28e44s39,n120 0
V6452
s10
f1
H720


h200cM
89u50r33r33a44yw75H72i28l28l28,w50N72Jw64050750950750450,w50S56e44p50t28e44m78b50e44rw58150950850950.n120 0


x font 1 R
x font 2 I
x font 3 B
x font 4 BI
x font 5 CW
x font 6 H
x font 7 HI
x font 8 HB
x font 9 S1
x font 10 S
s10

f1

x X SP 36 LP #585 stdin
x X BS 2 LP #585 stdin
V6620
s10
f1
H720


h100c2
50.25 25K72i28l28l28i28a44n50,w61T61.25J39.w86P56r33o50c44e44s39s39e44sw75a44sw75F56i28l28e44s39.w86I33nwf2

86U72S50E61N67I33Xw97S50u50m72m72e44rw75C67o50n50f28e44r39e44n50c44ew80P61r39o50c44e44e44d50i28n50g50sf1

39,w61U72s39e44n50i28x50,w61S56a44l28tw64L61a44k50ew80C67i28t28y50,w61J39u50n50en120 0
V6740
s10
f1
H720


h200c1
50950850450,w50p50p50.w50250050350-33250050750.n120 0


x font 1 R
x font 2 I
x font 3 B
x font 4 BI
x font 5 CW
x font 6 H
x font 7 HI
x font 8 HB
x font 9 S1
x font 10 S
s10

f1

x X SP 36 LP #591 stdin
x X BS 2 LP #591 stdin
V6908
s10
f1
H720


h100c3
50.25 25P56i28k50e44,w73R67.w98T61h50ew92B67l28i28t28:w76Awh120cM
89u50l28t28i28p50l28e44x50e44dw98G72r33a44p50h50i28c44sw87T61e44r33m78i28n50a44l28.wf2

98A61T56&78Twh104cB
61e44l28lw76L56a50b50o50r39a50t28o50r39i28e44sw87T56e44c44h50n50i28c44a50lw76J44o50u50r39n50a50lw776503f1

50,w748n120 0
V7028
s10
f1
H720


h200c(
33O72c44t28o50b50e44rw58150950850450)33,w50150650050750-33150650350250.n120 0


x font 1 R
x font 2 I
x font 3 B
x font 4 BI
x font 5 CW
x font 6 H
x font 7 HI
x font 8 HB
x font 9 S1
x font 10 S
s10

f1

x X SP 36 LP #597 stdin
x X BS 2 LP #597 stdin
V7196
s10
f1
H720


h100c4
50.25 25S56t28r33o50u50s39t28r33u50p50,w50B67.wf2

75T56h50ew69C67+68+w93P61r39o50g50r39a50m72m72i28n50gw75L56a50n50g50u50a50g50ef1

44.w75A72d50d50i28s39o50n50-33W94e44s39l28e44y50,w50150950850650.n120 0
x X CMD BP #606 stdin


x font 1 R
x font 2 I
x font 3 B
x font 4 BI
x font 5 CW
x font 6 H
x font 7 HI
x font 8 HB
x font 9 S1
x font 10 S
s10

f1

x X BT 343 #92 stdin
V7560
s10
f1
H720


cR
67e44s39e44a44r33c44h50 25T61e44n50t28h50 25E61d50i28t28i28o50nwh3637c3
504503wn120 0
x X END BT 343 #92 stdin
V7920

#MESSAGE TO USER:  page 344 only 2% full; will not be adjusted
p344


x font 1 R
x font 2 I
x font 3 B
x font 4 BI
x font 5 CW
x font 6 H
x font 7 HI
x font 8 HB
x font 9 S1
x font 10 S
s10

f1

x X PT 344 #102 stdin
V480
s10
f1
H720


cT
61h50ew44 25F56e44e44lw28 25o50fw33 25P56iwx font 0 NI
f0

h4049cp
57iwn120 0
x X END PT 344 #102 stdin
V720
V840
s10
f1
H720


cp
50h50o50t28ow75p50a44g50en120 0
x X CMD BP #608 stdin


x font 1 R
x font 2 I
x font 3 B
x font 4 BI
x font 5 CW
x font 6 H
x font 7 HI
x font 8 HB
x font 9 S1
x font 10 S
s10

f1

x X BT 344 #102 stdin
V7560
s10
f1
H720


c3
504504wh4040cU
72N72I33Xw72 25P56a44p50e44r33swn120 0
x X END BT 344 #102 stdin
V7920
p345


x font 1 R
x font 2 I
x font 3 B
x font 4 BI
x font 5 CW
x font 6 H
x font 7 HI
x font 8 HB
x font 9 S1
x font 10 S
s10

f1

x X PT 345 #120 stdin
V480
s10
f1
H720

x font 0 NI
f0


cp
57iwf1

h4054cT
61h50ew44 25F56e44e44lw28 25o50f33 25P56iwn120 0
x X END PT 345 #120 stdin
V720
V840
s10
f1
H720


cd
50i28v50i28d50e44rw58w72i28t28hw75t28i28t28l28en120 0
V1080
s10
f1
H720


h1678cS
56u50p50p50o50r33t28i28n50gw75T61o50o50l28sw64a44n50dw75L61a44n50g50u50a44g50e44sn120 0


x font 1 R
x font 2 I
x font 3 B
x font 4 BI
x font 5 CW
x font 6 H
x font 7 HI
x font 8 HB
x font 9 S1
x font 10 S
s10

f1

x X BT 345 #120 stdin
V7560
s10
f1
H720


cR
67e44s39e44a44r33c44h50 25T61e44n50t28h50 25E61d50i28t28i28o50nwh3637c3
504505wn120 0
x X END BT 345 #120 stdin
V7920
x trailer

x stop
